TN:
SF:gulpfile.js
FN:8,(anonymous_0)
FNF:1
FNH:0
FNDA:0,(anonymous_0)
DA:2,0
DA:3,0
DA:4,0
DA:5,0
DA:8,0
DA:9,0
LF:6
LH:0
BRF:0
BRH:0
end_of_record
TN:
SF:webpack.prod.js
FNF:0
FNH:0
DA:1,0
DA:2,0
DA:3,0
DA:4,0
LF:4
LH:0
BRF:0
BRH:0
end_of_record
TN:
SF:webpack.use.js
FNF:0
FNH:0
DA:1,0
DA:2,0
DA:3,0
DA:5,0
DA:6,0
LF:5
LH:0
BRF:0
BRH:0
end_of_record
TN:
SF:dist/formio-contrib.js
FN:1,webpackUniversalModuleDefinition
FN:10,(anonymous_1)
FN:11,(anonymous_2)
FN:16,__webpack_require__
FN:47,(anonymous_4)
FN:54,(anonymous_5)
FN:66,(anonymous_6)
FN:73,(anonymous_7)
FN:78,(anonymous_8)
FN:80,getDefault
FN:81,getModuleExports
FN:87,(anonymous_11)
FN:104,(anonymous_12)
FN:115,(anonymous_13)
FN:127,(anonymous_14)
FN:138,(anonymous_15)
FN:149,(anonymous_16)
FN:160,(anonymous_17)
FN:171,(anonymous_18)
FN:183,(anonymous_19)
FN:195,(anonymous_20)
FN:207,(anonymous_21)
FN:219,(anonymous_22)
FN:231,(anonymous_23)
FN:243,(anonymous_24)
FN:255,(anonymous_25)
FN:267,(anonymous_26)
FN:279,(anonymous_27)
FN:291,(anonymous_28)
FN:302,(anonymous_29)
FN:313,(anonymous_30)
FN:324,(anonymous_31)
FN:336,(anonymous_32)
FN:347,(anonymous_33)
FN:359,(anonymous_34)
FN:371,(anonymous_35)
FN:382,(anonymous_36)
FN:393,(anonymous_37)
FN:404,(anonymous_38)
FN:415,(anonymous_39)
FN:426,(anonymous_40)
FN:437,(anonymous_41)
FN:448,(anonymous_42)
FN:459,(anonymous_43)
FN:470,(anonymous_44)
FN:481,(anonymous_45)
FN:492,(anonymous_46)
FN:503,(anonymous_47)
FN:515,(anonymous_48)
FN:526,(anonymous_49)
FN:537,(anonymous_50)
FN:549,(anonymous_51)
FN:561,(anonymous_52)
FN:572,(anonymous_53)
FN:583,(anonymous_54)
FN:594,(anonymous_55)
FN:605,(anonymous_56)
FN:616,(anonymous_57)
FN:627,(anonymous_58)
FN:638,(anonymous_59)
FN:650,(anonymous_60)
FN:662,(anonymous_61)
FN:673,(anonymous_62)
FN:684,(anonymous_63)
FN:695,(anonymous_64)
FN:706,(anonymous_65)
FN:717,(anonymous_66)
FN:728,(anonymous_67)
FN:739,(anonymous_68)
FN:750,(anonymous_69)
FN:761,(anonymous_70)
FN:772,(anonymous_71)
FN:783,(anonymous_72)
FN:794,(anonymous_73)
FN:805,(anonymous_74)
FN:816,(anonymous_75)
FN:827,(anonymous_76)
FN:838,(anonymous_77)
FN:849,(anonymous_78)
FN:861,(anonymous_79)
FN:872,(anonymous_80)
FN:883,(anonymous_81)
FN:894,(anonymous_82)
FN:905,(anonymous_83)
FN:917,(anonymous_84)
FN:928,(anonymous_85)
FN:939,(anonymous_86)
FN:950,(anonymous_87)
FN:961,(anonymous_88)
FN:972,(anonymous_89)
FN:983,(anonymous_90)
FN:994,(anonymous_91)
FN:1005,(anonymous_92)
FN:1016,(anonymous_93)
FN:1027,(anonymous_94)
FN:1039,(anonymous_95)
FN:1050,(anonymous_96)
FN:1062,(anonymous_97)
FN:1073,(anonymous_98)
FN:1084,(anonymous_99)
FN:1095,(anonymous_100)
FN:1106,(anonymous_101)
FN:1118,(anonymous_102)
FN:1130,(anonymous_103)
FN:1141,(anonymous_104)
FN:1152,(anonymous_105)
FN:1164,(anonymous_106)
FN:1175,(anonymous_107)
FN:1186,(anonymous_108)
FN:1197,(anonymous_109)
FN:1208,(anonymous_110)
FN:1220,(anonymous_111)
FN:1231,(anonymous_112)
FN:1242,(anonymous_113)
FN:1253,(anonymous_114)
FN:1264,(anonymous_115)
FN:1275,(anonymous_116)
FN:1286,(anonymous_117)
FN:1297,(anonymous_118)
FN:1308,(anonymous_119)
FN:1319,(anonymous_120)
FN:1330,(anonymous_121)
FN:1341,(anonymous_122)
FN:1352,(anonymous_123)
FN:1363,(anonymous_124)
FN:1375,(anonymous_125)
FN:1387,(anonymous_126)
FN:1399,(anonymous_127)
FN:1410,(anonymous_128)
FN:1422,(anonymous_129)
FN:1434,(anonymous_130)
FN:1446,(anonymous_131)
FN:1458,(anonymous_132)
FN:1470,(anonymous_133)
FN:1482,(anonymous_134)
FN:1493,(anonymous_135)
FN:1505,(anonymous_136)
FN:1516,(anonymous_137)
FN:1527,(anonymous_138)
FN:1538,(anonymous_139)
FN:1549,(anonymous_140)
FN:1560,(anonymous_141)
FN:1572,(anonymous_142)
FN:1584,(anonymous_143)
FN:1596,(anonymous_144)
FN:1608,(anonymous_145)
FN:1620,(anonymous_146)
FN:1632,(anonymous_147)
FN:1644,(anonymous_148)
FN:1655,(anonymous_149)
FN:1667,(anonymous_150)
FN:1678,(anonymous_151)
FN:1689,(anonymous_152)
FN:1701,(anonymous_153)
FN:1713,(anonymous_154)
FN:1725,(anonymous_155)
FN:1737,(anonymous_156)
FN:1749,(anonymous_157)
FN:1760,(anonymous_158)
FN:1771,(anonymous_159)
FN:1782,(anonymous_160)
FN:1793,(anonymous_161)
FN:1804,(anonymous_162)
FN:1815,(anonymous_163)
FN:1826,(anonymous_164)
FN:1837,(anonymous_165)
FN:1848,(anonymous_166)
FN:1859,(anonymous_167)
FN:1870,(anonymous_168)
FN:1881,(anonymous_169)
FN:1892,(anonymous_170)
FN:1903,(anonymous_171)
FN:1914,(anonymous_172)
FN:1925,(anonymous_173)
FN:1936,(anonymous_174)
FN:1947,(anonymous_175)
FN:1958,(anonymous_176)
FN:1969,(anonymous_177)
FN:1980,(anonymous_178)
FN:1991,(anonymous_179)
FN:2002,(anonymous_180)
FN:2013,(anonymous_181)
FN:2024,(anonymous_182)
FN:2035,(anonymous_183)
FN:2046,(anonymous_184)
FN:2057,(anonymous_185)
FN:2068,(anonymous_186)
FN:2079,(anonymous_187)
FN:2090,(anonymous_188)
FN:2101,(anonymous_189)
FN:2112,(anonymous_190)
FN:2123,(anonymous_191)
FN:2134,(anonymous_192)
FN:2145,(anonymous_193)
FN:2156,(anonymous_194)
FN:2167,(anonymous_195)
FN:2178,(anonymous_196)
FN:2189,(anonymous_197)
FN:2200,(anonymous_198)
FN:2211,(anonymous_199)
FN:2222,(anonymous_200)
FN:2233,(anonymous_201)
FN:2244,(anonymous_202)
FN:2255,(anonymous_203)
FN:2266,(anonymous_204)
FN:2277,(anonymous_205)
FN:2288,(anonymous_206)
FN:2299,(anonymous_207)
FN:2310,(anonymous_208)
FN:2321,(anonymous_209)
FN:2332,(anonymous_210)
FN:2343,(anonymous_211)
FN:2354,(anonymous_212)
FN:2365,(anonymous_213)
FN:2376,(anonymous_214)
FN:2387,(anonymous_215)
FN:2398,(anonymous_216)
FN:2409,(anonymous_217)
FN:2420,(anonymous_218)
FN:2431,(anonymous_219)
FN:2442,(anonymous_220)
FN:2453,(anonymous_221)
FN:2464,(anonymous_222)
FN:2475,(anonymous_223)
FN:2486,(anonymous_224)
FN:2497,(anonymous_225)
FN:2508,(anonymous_226)
FN:2519,(anonymous_227)
FN:2530,(anonymous_228)
FN:2541,(anonymous_229)
FN:2552,(anonymous_230)
FN:2563,(anonymous_231)
FN:2574,(anonymous_232)
FN:2585,(anonymous_233)
FN:2596,(anonymous_234)
FN:2607,(anonymous_235)
FN:2618,(anonymous_236)
FN:2629,(anonymous_237)
FN:2640,(anonymous_238)
FN:2651,(anonymous_239)
FN:2662,(anonymous_240)
FN:2673,(anonymous_241)
FN:2684,(anonymous_242)
FN:2695,(anonymous_243)
FN:2706,(anonymous_244)
FN:2717,(anonymous_245)
FN:2728,(anonymous_246)
FN:2739,(anonymous_247)
FN:2750,(anonymous_248)
FN:2761,(anonymous_249)
FN:2772,(anonymous_250)
FN:2783,(anonymous_251)
FN:2794,(anonymous_252)
FN:2805,(anonymous_253)
FN:2816,(anonymous_254)
FN:2827,(anonymous_255)
FN:2838,(anonymous_256)
FN:2849,(anonymous_257)
FN:2860,(anonymous_258)
FN:2871,(anonymous_259)
FN:2882,(anonymous_260)
FN:2893,(anonymous_261)
FN:2904,(anonymous_262)
FN:2915,(anonymous_263)
FN:2926,(anonymous_264)
FN:2937,(anonymous_265)
FN:2948,(anonymous_266)
FN:2959,(anonymous_267)
FN:2970,(anonymous_268)
FN:2981,(anonymous_269)
FN:2992,(anonymous_270)
FN:3003,(anonymous_271)
FN:3014,(anonymous_272)
FN:3025,(anonymous_273)
FN:3036,(anonymous_274)
FN:3047,(anonymous_275)
FN:3058,(anonymous_276)
FN:3069,(anonymous_277)
FN:3080,(anonymous_278)
FN:3091,(anonymous_279)
FN:3102,(anonymous_280)
FN:3113,(anonymous_281)
FN:3124,(anonymous_282)
FN:3135,(anonymous_283)
FN:3146,(anonymous_284)
FN:3157,(anonymous_285)
FN:3168,(anonymous_286)
FN:3179,(anonymous_287)
FN:3190,(anonymous_288)
FN:3201,(anonymous_289)
FN:3212,(anonymous_290)
FN:3223,(anonymous_291)
FN:3234,(anonymous_292)
FN:3245,(anonymous_293)
FN:3256,(anonymous_294)
FN:3267,(anonymous_295)
FN:3278,(anonymous_296)
FN:3289,(anonymous_297)
FN:3300,(anonymous_298)
FN:3311,(anonymous_299)
FN:3322,(anonymous_300)
FN:3333,(anonymous_301)
FN:3344,(anonymous_302)
FN:3355,(anonymous_303)
FN:3366,(anonymous_304)
FN:3377,(anonymous_305)
FN:3388,(anonymous_306)
FN:3399,(anonymous_307)
FN:3410,(anonymous_308)
FN:3421,(anonymous_309)
FN:3432,(anonymous_310)
FN:3443,(anonymous_311)
FN:3454,(anonymous_312)
FN:3465,(anonymous_313)
FN:3476,(anonymous_314)
FN:3487,(anonymous_315)
FN:3498,(anonymous_316)
FN:3509,(anonymous_317)
FN:3520,(anonymous_318)
FN:3531,(anonymous_319)
FN:3542,(anonymous_320)
FN:3553,(anonymous_321)
FN:3564,(anonymous_322)
FN:3575,(anonymous_323)
FN:3586,(anonymous_324)
FN:3597,(anonymous_325)
FN:3608,(anonymous_326)
FN:3619,(anonymous_327)
FN:3630,(anonymous_328)
FN:3641,(anonymous_329)
FN:3652,(anonymous_330)
FN:3663,(anonymous_331)
FN:3674,(anonymous_332)
FN:3685,(anonymous_333)
FN:3696,(anonymous_334)
FN:3707,(anonymous_335)
FN:3718,(anonymous_336)
FN:3729,(anonymous_337)
FN:3740,(anonymous_338)
FN:3751,(anonymous_339)
FN:3762,(anonymous_340)
FN:3773,(anonymous_341)
FN:3784,(anonymous_342)
FN:3795,(anonymous_343)
FN:3806,(anonymous_344)
FN:3817,(anonymous_345)
FN:3828,(anonymous_346)
FN:3839,(anonymous_347)
FN:3850,(anonymous_348)
FN:3861,(anonymous_349)
FN:3872,(anonymous_350)
FN:3883,(anonymous_351)
FN:3894,(anonymous_352)
FN:3905,(anonymous_353)
FN:3916,(anonymous_354)
FN:3927,(anonymous_355)
FN:3938,(anonymous_356)
FN:3949,(anonymous_357)
FN:3960,(anonymous_358)
FN:3971,(anonymous_359)
FN:3982,(anonymous_360)
FN:3993,(anonymous_361)
FN:4004,(anonymous_362)
FN:4015,(anonymous_363)
FN:4026,(anonymous_364)
FN:4037,(anonymous_365)
FN:4048,(anonymous_366)
FN:4059,(anonymous_367)
FN:4070,(anonymous_368)
FN:4081,(anonymous_369)
FN:4092,(anonymous_370)
FN:4103,(anonymous_371)
FN:4114,(anonymous_372)
FN:4125,(anonymous_373)
FN:4136,(anonymous_374)
FN:4147,(anonymous_375)
FN:4158,(anonymous_376)
FN:4169,(anonymous_377)
FN:4180,(anonymous_378)
FN:4191,(anonymous_379)
FN:4202,(anonymous_380)
FN:4213,(anonymous_381)
FN:4224,(anonymous_382)
FN:4235,(anonymous_383)
FN:4246,(anonymous_384)
FN:4257,(anonymous_385)
FN:4268,(anonymous_386)
FN:4279,(anonymous_387)
FN:4290,(anonymous_388)
FN:4301,(anonymous_389)
FN:4312,(anonymous_390)
FN:4323,(anonymous_391)
FN:4334,(anonymous_392)
FN:4345,(anonymous_393)
FN:4356,(anonymous_394)
FN:4367,(anonymous_395)
FN:4378,(anonymous_396)
FN:4389,(anonymous_397)
FN:4400,(anonymous_398)
FN:4411,(anonymous_399)
FN:4422,(anonymous_400)
FN:4433,(anonymous_401)
FN:4444,(anonymous_402)
FN:4455,(anonymous_403)
FN:4466,(anonymous_404)
FN:4477,(anonymous_405)
FN:4488,(anonymous_406)
FN:4499,(anonymous_407)
FN:4510,(anonymous_408)
FN:4521,(anonymous_409)
FN:4532,(anonymous_410)
FN:4543,(anonymous_411)
FN:4554,(anonymous_412)
FN:4565,(anonymous_413)
FN:4576,(anonymous_414)
FN:4587,(anonymous_415)
FN:4598,(anonymous_416)
FN:4609,(anonymous_417)
FN:4620,(anonymous_418)
FN:4631,(anonymous_419)
FN:4642,(anonymous_420)
FN:4653,(anonymous_421)
FN:4664,(anonymous_422)
FN:4675,(anonymous_423)
FN:4686,(anonymous_424)
FN:4697,(anonymous_425)
FN:4708,(anonymous_426)
FN:4719,(anonymous_427)
FN:4730,(anonymous_428)
FN:4741,(anonymous_429)
FN:4752,(anonymous_430)
FN:4763,(anonymous_431)
FN:4774,(anonymous_432)
FN:4785,(anonymous_433)
FN:4796,(anonymous_434)
FN:4807,(anonymous_435)
FN:4818,(anonymous_436)
FN:4829,(anonymous_437)
FN:4840,(anonymous_438)
FN:4851,(anonymous_439)
FN:4862,(anonymous_440)
FN:4873,(anonymous_441)
FN:4884,(anonymous_442)
FN:4895,(anonymous_443)
FN:4906,(anonymous_444)
FN:4917,(anonymous_445)
FN:4928,(anonymous_446)
FN:4939,(anonymous_447)
FN:4951,(anonymous_448)
FN:4963,(anonymous_449)
FN:4975,(anonymous_450)
FN:4987,(anonymous_451)
FN:4999,(anonymous_452)
FN:5011,(anonymous_453)
FN:5022,(anonymous_454)
FN:5034,(anonymous_455)
FN:5046,(anonymous_456)
FN:5058,(anonymous_457)
FN:5069,(anonymous_458)
FN:5080,(anonymous_459)
FN:5091,(anonymous_460)
FN:5102,(anonymous_461)
FN:5113,(anonymous_462)
FN:5124,(anonymous_463)
FN:5135,(anonymous_464)
FNF:465
FNH:0
FNDA:0,webpackUniversalModuleDefinition
FNDA:0,(anonymous_1)
FNDA:0,(anonymous_2)
FNDA:0,__webpack_require__
FNDA:0,(anonymous_4)
FNDA:0,(anonymous_5)
FNDA:0,(anonymous_6)
FNDA:0,(anonymous_7)
FNDA:0,(anonymous_8)
FNDA:0,getDefault
FNDA:0,getModuleExports
FNDA:0,(anonymous_11)
FNDA:0,(anonymous_12)
FNDA:0,(anonymous_13)
FNDA:0,(anonymous_14)
FNDA:0,(anonymous_15)
FNDA:0,(anonymous_16)
FNDA:0,(anonymous_17)
FNDA:0,(anonymous_18)
FNDA:0,(anonymous_19)
FNDA:0,(anonymous_20)
FNDA:0,(anonymous_21)
FNDA:0,(anonymous_22)
FNDA:0,(anonymous_23)
FNDA:0,(anonymous_24)
FNDA:0,(anonymous_25)
FNDA:0,(anonymous_26)
FNDA:0,(anonymous_27)
FNDA:0,(anonymous_28)
FNDA:0,(anonymous_29)
FNDA:0,(anonymous_30)
FNDA:0,(anonymous_31)
FNDA:0,(anonymous_32)
FNDA:0,(anonymous_33)
FNDA:0,(anonymous_34)
FNDA:0,(anonymous_35)
FNDA:0,(anonymous_36)
FNDA:0,(anonymous_37)
FNDA:0,(anonymous_38)
FNDA:0,(anonymous_39)
FNDA:0,(anonymous_40)
FNDA:0,(anonymous_41)
FNDA:0,(anonymous_42)
FNDA:0,(anonymous_43)
FNDA:0,(anonymous_44)
FNDA:0,(anonymous_45)
FNDA:0,(anonymous_46)
FNDA:0,(anonymous_47)
FNDA:0,(anonymous_48)
FNDA:0,(anonymous_49)
FNDA:0,(anonymous_50)
FNDA:0,(anonymous_51)
FNDA:0,(anonymous_52)
FNDA:0,(anonymous_53)
FNDA:0,(anonymous_54)
FNDA:0,(anonymous_55)
FNDA:0,(anonymous_56)
FNDA:0,(anonymous_57)
FNDA:0,(anonymous_58)
FNDA:0,(anonymous_59)
FNDA:0,(anonymous_60)
FNDA:0,(anonymous_61)
FNDA:0,(anonymous_62)
FNDA:0,(anonymous_63)
FNDA:0,(anonymous_64)
FNDA:0,(anonymous_65)
FNDA:0,(anonymous_66)
FNDA:0,(anonymous_67)
FNDA:0,(anonymous_68)
FNDA:0,(anonymous_69)
FNDA:0,(anonymous_70)
FNDA:0,(anonymous_71)
FNDA:0,(anonymous_72)
FNDA:0,(anonymous_73)
FNDA:0,(anonymous_74)
FNDA:0,(anonymous_75)
FNDA:0,(anonymous_76)
FNDA:0,(anonymous_77)
FNDA:0,(anonymous_78)
FNDA:0,(anonymous_79)
FNDA:0,(anonymous_80)
FNDA:0,(anonymous_81)
FNDA:0,(anonymous_82)
FNDA:0,(anonymous_83)
FNDA:0,(anonymous_84)
FNDA:0,(anonymous_85)
FNDA:0,(anonymous_86)
FNDA:0,(anonymous_87)
FNDA:0,(anonymous_88)
FNDA:0,(anonymous_89)
FNDA:0,(anonymous_90)
FNDA:0,(anonymous_91)
FNDA:0,(anonymous_92)
FNDA:0,(anonymous_93)
FNDA:0,(anonymous_94)
FNDA:0,(anonymous_95)
FNDA:0,(anonymous_96)
FNDA:0,(anonymous_97)
FNDA:0,(anonymous_98)
FNDA:0,(anonymous_99)
FNDA:0,(anonymous_100)
FNDA:0,(anonymous_101)
FNDA:0,(anonymous_102)
FNDA:0,(anonymous_103)
FNDA:0,(anonymous_104)
FNDA:0,(anonymous_105)
FNDA:0,(anonymous_106)
FNDA:0,(anonymous_107)
FNDA:0,(anonymous_108)
FNDA:0,(anonymous_109)
FNDA:0,(anonymous_110)
FNDA:0,(anonymous_111)
FNDA:0,(anonymous_112)
FNDA:0,(anonymous_113)
FNDA:0,(anonymous_114)
FNDA:0,(anonymous_115)
FNDA:0,(anonymous_116)
FNDA:0,(anonymous_117)
FNDA:0,(anonymous_118)
FNDA:0,(anonymous_119)
FNDA:0,(anonymous_120)
FNDA:0,(anonymous_121)
FNDA:0,(anonymous_122)
FNDA:0,(anonymous_123)
FNDA:0,(anonymous_124)
FNDA:0,(anonymous_125)
FNDA:0,(anonymous_126)
FNDA:0,(anonymous_127)
FNDA:0,(anonymous_128)
FNDA:0,(anonymous_129)
FNDA:0,(anonymous_130)
FNDA:0,(anonymous_131)
FNDA:0,(anonymous_132)
FNDA:0,(anonymous_133)
FNDA:0,(anonymous_134)
FNDA:0,(anonymous_135)
FNDA:0,(anonymous_136)
FNDA:0,(anonymous_137)
FNDA:0,(anonymous_138)
FNDA:0,(anonymous_139)
FNDA:0,(anonymous_140)
FNDA:0,(anonymous_141)
FNDA:0,(anonymous_142)
FNDA:0,(anonymous_143)
FNDA:0,(anonymous_144)
FNDA:0,(anonymous_145)
FNDA:0,(anonymous_146)
FNDA:0,(anonymous_147)
FNDA:0,(anonymous_148)
FNDA:0,(anonymous_149)
FNDA:0,(anonymous_150)
FNDA:0,(anonymous_151)
FNDA:0,(anonymous_152)
FNDA:0,(anonymous_153)
FNDA:0,(anonymous_154)
FNDA:0,(anonymous_155)
FNDA:0,(anonymous_156)
FNDA:0,(anonymous_157)
FNDA:0,(anonymous_158)
FNDA:0,(anonymous_159)
FNDA:0,(anonymous_160)
FNDA:0,(anonymous_161)
FNDA:0,(anonymous_162)
FNDA:0,(anonymous_163)
FNDA:0,(anonymous_164)
FNDA:0,(anonymous_165)
FNDA:0,(anonymous_166)
FNDA:0,(anonymous_167)
FNDA:0,(anonymous_168)
FNDA:0,(anonymous_169)
FNDA:0,(anonymous_170)
FNDA:0,(anonymous_171)
FNDA:0,(anonymous_172)
FNDA:0,(anonymous_173)
FNDA:0,(anonymous_174)
FNDA:0,(anonymous_175)
FNDA:0,(anonymous_176)
FNDA:0,(anonymous_177)
FNDA:0,(anonymous_178)
FNDA:0,(anonymous_179)
FNDA:0,(anonymous_180)
FNDA:0,(anonymous_181)
FNDA:0,(anonymous_182)
FNDA:0,(anonymous_183)
FNDA:0,(anonymous_184)
FNDA:0,(anonymous_185)
FNDA:0,(anonymous_186)
FNDA:0,(anonymous_187)
FNDA:0,(anonymous_188)
FNDA:0,(anonymous_189)
FNDA:0,(anonymous_190)
FNDA:0,(anonymous_191)
FNDA:0,(anonymous_192)
FNDA:0,(anonymous_193)
FNDA:0,(anonymous_194)
FNDA:0,(anonymous_195)
FNDA:0,(anonymous_196)
FNDA:0,(anonymous_197)
FNDA:0,(anonymous_198)
FNDA:0,(anonymous_199)
FNDA:0,(anonymous_200)
FNDA:0,(anonymous_201)
FNDA:0,(anonymous_202)
FNDA:0,(anonymous_203)
FNDA:0,(anonymous_204)
FNDA:0,(anonymous_205)
FNDA:0,(anonymous_206)
FNDA:0,(anonymous_207)
FNDA:0,(anonymous_208)
FNDA:0,(anonymous_209)
FNDA:0,(anonymous_210)
FNDA:0,(anonymous_211)
FNDA:0,(anonymous_212)
FNDA:0,(anonymous_213)
FNDA:0,(anonymous_214)
FNDA:0,(anonymous_215)
FNDA:0,(anonymous_216)
FNDA:0,(anonymous_217)
FNDA:0,(anonymous_218)
FNDA:0,(anonymous_219)
FNDA:0,(anonymous_220)
FNDA:0,(anonymous_221)
FNDA:0,(anonymous_222)
FNDA:0,(anonymous_223)
FNDA:0,(anonymous_224)
FNDA:0,(anonymous_225)
FNDA:0,(anonymous_226)
FNDA:0,(anonymous_227)
FNDA:0,(anonymous_228)
FNDA:0,(anonymous_229)
FNDA:0,(anonymous_230)
FNDA:0,(anonymous_231)
FNDA:0,(anonymous_232)
FNDA:0,(anonymous_233)
FNDA:0,(anonymous_234)
FNDA:0,(anonymous_235)
FNDA:0,(anonymous_236)
FNDA:0,(anonymous_237)
FNDA:0,(anonymous_238)
FNDA:0,(anonymous_239)
FNDA:0,(anonymous_240)
FNDA:0,(anonymous_241)
FNDA:0,(anonymous_242)
FNDA:0,(anonymous_243)
FNDA:0,(anonymous_244)
FNDA:0,(anonymous_245)
FNDA:0,(anonymous_246)
FNDA:0,(anonymous_247)
FNDA:0,(anonymous_248)
FNDA:0,(anonymous_249)
FNDA:0,(anonymous_250)
FNDA:0,(anonymous_251)
FNDA:0,(anonymous_252)
FNDA:0,(anonymous_253)
FNDA:0,(anonymous_254)
FNDA:0,(anonymous_255)
FNDA:0,(anonymous_256)
FNDA:0,(anonymous_257)
FNDA:0,(anonymous_258)
FNDA:0,(anonymous_259)
FNDA:0,(anonymous_260)
FNDA:0,(anonymous_261)
FNDA:0,(anonymous_262)
FNDA:0,(anonymous_263)
FNDA:0,(anonymous_264)
FNDA:0,(anonymous_265)
FNDA:0,(anonymous_266)
FNDA:0,(anonymous_267)
FNDA:0,(anonymous_268)
FNDA:0,(anonymous_269)
FNDA:0,(anonymous_270)
FNDA:0,(anonymous_271)
FNDA:0,(anonymous_272)
FNDA:0,(anonymous_273)
FNDA:0,(anonymous_274)
FNDA:0,(anonymous_275)
FNDA:0,(anonymous_276)
FNDA:0,(anonymous_277)
FNDA:0,(anonymous_278)
FNDA:0,(anonymous_279)
FNDA:0,(anonymous_280)
FNDA:0,(anonymous_281)
FNDA:0,(anonymous_282)
FNDA:0,(anonymous_283)
FNDA:0,(anonymous_284)
FNDA:0,(anonymous_285)
FNDA:0,(anonymous_286)
FNDA:0,(anonymous_287)
FNDA:0,(anonymous_288)
FNDA:0,(anonymous_289)
FNDA:0,(anonymous_290)
FNDA:0,(anonymous_291)
FNDA:0,(anonymous_292)
FNDA:0,(anonymous_293)
FNDA:0,(anonymous_294)
FNDA:0,(anonymous_295)
FNDA:0,(anonymous_296)
FNDA:0,(anonymous_297)
FNDA:0,(anonymous_298)
FNDA:0,(anonymous_299)
FNDA:0,(anonymous_300)
FNDA:0,(anonymous_301)
FNDA:0,(anonymous_302)
FNDA:0,(anonymous_303)
FNDA:0,(anonymous_304)
FNDA:0,(anonymous_305)
FNDA:0,(anonymous_306)
FNDA:0,(anonymous_307)
FNDA:0,(anonymous_308)
FNDA:0,(anonymous_309)
FNDA:0,(anonymous_310)
FNDA:0,(anonymous_311)
FNDA:0,(anonymous_312)
FNDA:0,(anonymous_313)
FNDA:0,(anonymous_314)
FNDA:0,(anonymous_315)
FNDA:0,(anonymous_316)
FNDA:0,(anonymous_317)
FNDA:0,(anonymous_318)
FNDA:0,(anonymous_319)
FNDA:0,(anonymous_320)
FNDA:0,(anonymous_321)
FNDA:0,(anonymous_322)
FNDA:0,(anonymous_323)
FNDA:0,(anonymous_324)
FNDA:0,(anonymous_325)
FNDA:0,(anonymous_326)
FNDA:0,(anonymous_327)
FNDA:0,(anonymous_328)
FNDA:0,(anonymous_329)
FNDA:0,(anonymous_330)
FNDA:0,(anonymous_331)
FNDA:0,(anonymous_332)
FNDA:0,(anonymous_333)
FNDA:0,(anonymous_334)
FNDA:0,(anonymous_335)
FNDA:0,(anonymous_336)
FNDA:0,(anonymous_337)
FNDA:0,(anonymous_338)
FNDA:0,(anonymous_339)
FNDA:0,(anonymous_340)
FNDA:0,(anonymous_341)
FNDA:0,(anonymous_342)
FNDA:0,(anonymous_343)
FNDA:0,(anonymous_344)
FNDA:0,(anonymous_345)
FNDA:0,(anonymous_346)
FNDA:0,(anonymous_347)
FNDA:0,(anonymous_348)
FNDA:0,(anonymous_349)
FNDA:0,(anonymous_350)
FNDA:0,(anonymous_351)
FNDA:0,(anonymous_352)
FNDA:0,(anonymous_353)
FNDA:0,(anonymous_354)
FNDA:0,(anonymous_355)
FNDA:0,(anonymous_356)
FNDA:0,(anonymous_357)
FNDA:0,(anonymous_358)
FNDA:0,(anonymous_359)
FNDA:0,(anonymous_360)
FNDA:0,(anonymous_361)
FNDA:0,(anonymous_362)
FNDA:0,(anonymous_363)
FNDA:0,(anonymous_364)
FNDA:0,(anonymous_365)
FNDA:0,(anonymous_366)
FNDA:0,(anonymous_367)
FNDA:0,(anonymous_368)
FNDA:0,(anonymous_369)
FNDA:0,(anonymous_370)
FNDA:0,(anonymous_371)
FNDA:0,(anonymous_372)
FNDA:0,(anonymous_373)
FNDA:0,(anonymous_374)
FNDA:0,(anonymous_375)
FNDA:0,(anonymous_376)
FNDA:0,(anonymous_377)
FNDA:0,(anonymous_378)
FNDA:0,(anonymous_379)
FNDA:0,(anonymous_380)
FNDA:0,(anonymous_381)
FNDA:0,(anonymous_382)
FNDA:0,(anonymous_383)
FNDA:0,(anonymous_384)
FNDA:0,(anonymous_385)
FNDA:0,(anonymous_386)
FNDA:0,(anonymous_387)
FNDA:0,(anonymous_388)
FNDA:0,(anonymous_389)
FNDA:0,(anonymous_390)
FNDA:0,(anonymous_391)
FNDA:0,(anonymous_392)
FNDA:0,(anonymous_393)
FNDA:0,(anonymous_394)
FNDA:0,(anonymous_395)
FNDA:0,(anonymous_396)
FNDA:0,(anonymous_397)
FNDA:0,(anonymous_398)
FNDA:0,(anonymous_399)
FNDA:0,(anonymous_400)
FNDA:0,(anonymous_401)
FNDA:0,(anonymous_402)
FNDA:0,(anonymous_403)
FNDA:0,(anonymous_404)
FNDA:0,(anonymous_405)
FNDA:0,(anonymous_406)
FNDA:0,(anonymous_407)
FNDA:0,(anonymous_408)
FNDA:0,(anonymous_409)
FNDA:0,(anonymous_410)
FNDA:0,(anonymous_411)
FNDA:0,(anonymous_412)
FNDA:0,(anonymous_413)
FNDA:0,(anonymous_414)
FNDA:0,(anonymous_415)
FNDA:0,(anonymous_416)
FNDA:0,(anonymous_417)
FNDA:0,(anonymous_418)
FNDA:0,(anonymous_419)
FNDA:0,(anonymous_420)
FNDA:0,(anonymous_421)
FNDA:0,(anonymous_422)
FNDA:0,(anonymous_423)
FNDA:0,(anonymous_424)
FNDA:0,(anonymous_425)
FNDA:0,(anonymous_426)
FNDA:0,(anonymous_427)
FNDA:0,(anonymous_428)
FNDA:0,(anonymous_429)
FNDA:0,(anonymous_430)
FNDA:0,(anonymous_431)
FNDA:0,(anonymous_432)
FNDA:0,(anonymous_433)
FNDA:0,(anonymous_434)
FNDA:0,(anonymous_435)
FNDA:0,(anonymous_436)
FNDA:0,(anonymous_437)
FNDA:0,(anonymous_438)
FNDA:0,(anonymous_439)
FNDA:0,(anonymous_440)
FNDA:0,(anonymous_441)
FNDA:0,(anonymous_442)
FNDA:0,(anonymous_443)
FNDA:0,(anonymous_444)
FNDA:0,(anonymous_445)
FNDA:0,(anonymous_446)
FNDA:0,(anonymous_447)
FNDA:0,(anonymous_448)
FNDA:0,(anonymous_449)
FNDA:0,(anonymous_450)
FNDA:0,(anonymous_451)
FNDA:0,(anonymous_452)
FNDA:0,(anonymous_453)
FNDA:0,(anonymous_454)
FNDA:0,(anonymous_455)
FNDA:0,(anonymous_456)
FNDA:0,(anonymous_457)
FNDA:0,(anonymous_458)
FNDA:0,(anonymous_459)
FNDA:0,(anonymous_460)
FNDA:0,(anonymous_461)
FNDA:0,(anonymous_462)
FNDA:0,(anonymous_463)
FNDA:0,(anonymous_464)
DA:1,0
DA:2,0
DA:3,0
DA:4,0
DA:5,0
DA:6,0
DA:7,0
DA:9,0
DA:11,0
DA:13,0
DA:19,0
DA:20,0
DA:23,0
DA:30,0
DA:33,0
DA:36,0
DA:41,0
DA:44,0
DA:47,0
DA:48,0
DA:49,0
DA:54,0
DA:55,0
DA:56,0
DA:58,0
DA:66,0
DA:67,0
DA:68,0
DA:69,0
DA:70,0
DA:71,0
DA:72,0
DA:73,0
DA:74,0
DA:78,0
DA:79,0
DA:80,0
DA:81,0
DA:82,0
DA:83,0
DA:87,0
DA:90,0
DA:94,0
DA:106,0
DA:118,0
DA:129,0
DA:140,0
DA:151,0
DA:162,0
DA:174,0
DA:186,0
DA:198,0
DA:210,0
DA:222,0
DA:234,0
DA:246,0
DA:258,0
DA:270,0
DA:282,0
DA:293,0
DA:304,0
DA:315,0
DA:327,0
DA:338,0
DA:350,0
DA:362,0
DA:373,0
DA:384,0
DA:395,0
DA:406,0
DA:417,0
DA:428,0
DA:439,0
DA:450,0
DA:461,0
DA:472,0
DA:483,0
DA:494,0
DA:506,0
DA:517,0
DA:528,0
DA:540,0
DA:552,0
DA:563,0
DA:574,0
DA:585,0
DA:596,0
DA:607,0
DA:618,0
DA:629,0
DA:641,0
DA:653,0
DA:664,0
DA:675,0
DA:686,0
DA:697,0
DA:708,0
DA:719,0
DA:730,0
DA:741,0
DA:752,0
DA:763,0
DA:774,0
DA:785,0
DA:796,0
DA:807,0
DA:818,0
DA:829,0
DA:840,0
DA:852,0
DA:863,0
DA:874,0
DA:885,0
DA:896,0
DA:908,0
DA:919,0
DA:930,0
DA:941,0
DA:952,0
DA:963,0
DA:974,0
DA:985,0
DA:996,0
DA:1007,0
DA:1018,0
DA:1030,0
DA:1041,0
DA:1053,0
DA:1064,0
DA:1075,0
DA:1086,0
DA:1097,0
DA:1109,0
DA:1121,0
DA:1132,0
DA:1143,0
DA:1155,0
DA:1166,0
DA:1177,0
DA:1188,0
DA:1199,0
DA:1211,0
DA:1222,0
DA:1233,0
DA:1244,0
DA:1255,0
DA:1266,0
DA:1277,0
DA:1288,0
DA:1299,0
DA:1310,0
DA:1321,0
DA:1332,0
DA:1343,0
DA:1354,0
DA:1366,0
DA:1378,0
DA:1390,0
DA:1401,0
DA:1413,0
DA:1425,0
DA:1437,0
DA:1449,0
DA:1461,0
DA:1473,0
DA:1484,0
DA:1496,0
DA:1507,0
DA:1518,0
DA:1529,0
DA:1540,0
DA:1551,0
DA:1563,0
DA:1575,0
DA:1587,0
DA:1599,0
DA:1611,0
DA:1623,0
DA:1635,0
DA:1646,0
DA:1658,0
DA:1669,0
DA:1680,0
DA:1692,0
DA:1704,0
DA:1716,0
DA:1728,0
DA:1740,0
DA:1751,0
DA:1762,0
DA:1773,0
DA:1784,0
DA:1795,0
DA:1806,0
DA:1817,0
DA:1828,0
DA:1839,0
DA:1850,0
DA:1861,0
DA:1872,0
DA:1883,0
DA:1894,0
DA:1905,0
DA:1916,0
DA:1927,0
DA:1938,0
DA:1949,0
DA:1960,0
DA:1971,0
DA:1982,0
DA:1993,0
DA:2004,0
DA:2015,0
DA:2026,0
DA:2037,0
DA:2048,0
DA:2059,0
DA:2070,0
DA:2081,0
DA:2092,0
DA:2103,0
DA:2114,0
DA:2125,0
DA:2136,0
DA:2147,0
DA:2158,0
DA:2169,0
DA:2180,0
DA:2191,0
DA:2202,0
DA:2213,0
DA:2224,0
DA:2235,0
DA:2246,0
DA:2257,0
DA:2268,0
DA:2279,0
DA:2290,0
DA:2301,0
DA:2312,0
DA:2323,0
DA:2334,0
DA:2345,0
DA:2356,0
DA:2367,0
DA:2378,0
DA:2389,0
DA:2400,0
DA:2411,0
DA:2422,0
DA:2433,0
DA:2444,0
DA:2455,0
DA:2466,0
DA:2477,0
DA:2488,0
DA:2499,0
DA:2510,0
DA:2521,0
DA:2532,0
DA:2543,0
DA:2554,0
DA:2565,0
DA:2576,0
DA:2587,0
DA:2598,0
DA:2609,0
DA:2620,0
DA:2631,0
DA:2642,0
DA:2653,0
DA:2664,0
DA:2675,0
DA:2686,0
DA:2697,0
DA:2708,0
DA:2719,0
DA:2730,0
DA:2741,0
DA:2752,0
DA:2763,0
DA:2774,0
DA:2785,0
DA:2796,0
DA:2807,0
DA:2818,0
DA:2829,0
DA:2840,0
DA:2851,0
DA:2862,0
DA:2873,0
DA:2884,0
DA:2895,0
DA:2906,0
DA:2917,0
DA:2928,0
DA:2939,0
DA:2950,0
DA:2961,0
DA:2972,0
DA:2983,0
DA:2994,0
DA:3005,0
DA:3016,0
DA:3027,0
DA:3038,0
DA:3049,0
DA:3060,0
DA:3071,0
DA:3082,0
DA:3093,0
DA:3104,0
DA:3115,0
DA:3126,0
DA:3137,0
DA:3148,0
DA:3159,0
DA:3170,0
DA:3181,0
DA:3192,0
DA:3203,0
DA:3214,0
DA:3225,0
DA:3236,0
DA:3247,0
DA:3258,0
DA:3269,0
DA:3280,0
DA:3291,0
DA:3302,0
DA:3313,0
DA:3324,0
DA:3335,0
DA:3346,0
DA:3357,0
DA:3368,0
DA:3379,0
DA:3390,0
DA:3401,0
DA:3412,0
DA:3423,0
DA:3434,0
DA:3445,0
DA:3456,0
DA:3467,0
DA:3478,0
DA:3489,0
DA:3500,0
DA:3511,0
DA:3522,0
DA:3533,0
DA:3544,0
DA:3555,0
DA:3566,0
DA:3577,0
DA:3588,0
DA:3599,0
DA:3610,0
DA:3621,0
DA:3632,0
DA:3643,0
DA:3654,0
DA:3665,0
DA:3676,0
DA:3687,0
DA:3698,0
DA:3709,0
DA:3720,0
DA:3731,0
DA:3742,0
DA:3753,0
DA:3764,0
DA:3775,0
DA:3786,0
DA:3797,0
DA:3808,0
DA:3819,0
DA:3830,0
DA:3841,0
DA:3852,0
DA:3863,0
DA:3874,0
DA:3885,0
DA:3896,0
DA:3907,0
DA:3918,0
DA:3929,0
DA:3940,0
DA:3951,0
DA:3962,0
DA:3973,0
DA:3984,0
DA:3995,0
DA:4006,0
DA:4017,0
DA:4028,0
DA:4039,0
DA:4050,0
DA:4061,0
DA:4072,0
DA:4083,0
DA:4094,0
DA:4105,0
DA:4116,0
DA:4127,0
DA:4138,0
DA:4149,0
DA:4160,0
DA:4171,0
DA:4182,0
DA:4193,0
DA:4204,0
DA:4215,0
DA:4226,0
DA:4237,0
DA:4248,0
DA:4259,0
DA:4270,0
DA:4281,0
DA:4292,0
DA:4303,0
DA:4314,0
DA:4325,0
DA:4336,0
DA:4347,0
DA:4358,0
DA:4369,0
DA:4380,0
DA:4391,0
DA:4402,0
DA:4413,0
DA:4424,0
DA:4435,0
DA:4446,0
DA:4457,0
DA:4468,0
DA:4479,0
DA:4490,0
DA:4501,0
DA:4512,0
DA:4523,0
DA:4534,0
DA:4545,0
DA:4556,0
DA:4567,0
DA:4578,0
DA:4589,0
DA:4600,0
DA:4611,0
DA:4622,0
DA:4633,0
DA:4644,0
DA:4655,0
DA:4666,0
DA:4677,0
DA:4688,0
DA:4699,0
DA:4710,0
DA:4721,0
DA:4732,0
DA:4743,0
DA:4754,0
DA:4765,0
DA:4776,0
DA:4787,0
DA:4798,0
DA:4809,0
DA:4820,0
DA:4831,0
DA:4842,0
DA:4853,0
DA:4864,0
DA:4875,0
DA:4886,0
DA:4897,0
DA:4908,0
DA:4919,0
DA:4930,0
DA:4942,0
DA:4954,0
DA:4966,0
DA:4978,0
DA:4990,0
DA:5002,0
DA:5013,0
DA:5025,0
DA:5037,0
DA:5049,0
DA:5060,0
DA:5071,0
DA:5082,0
DA:5093,0
DA:5104,0
DA:5115,0
DA:5126,0
DA:5137,0
LF:496
LH:0
BRDA:2,0,0,0
BRDA:2,0,1,0
BRDA:2,1,0,0
BRDA:2,1,1,0
BRDA:4,2,0,0
BRDA:4,2,1,0
BRDA:4,3,0,0
BRDA:4,3,1,0
BRDA:6,4,0,0
BRDA:6,4,1,0
BRDA:19,5,0,0
BRDA:19,5,1,0
BRDA:48,6,0,0
BRDA:48,6,1,0
BRDA:55,7,0,0
BRDA:55,7,1,0
BRDA:55,8,0,0
BRDA:55,8,1,0
BRDA:67,9,0,0
BRDA:67,9,1,0
BRDA:68,10,0,0
BRDA:68,10,1,0
BRDA:69,11,0,0
BRDA:69,11,1,0
BRDA:69,12,0,0
BRDA:69,12,1,0
BRDA:69,12,2,0
BRDA:69,12,3,0
BRDA:73,13,0,0
BRDA:73,13,1,0
BRDA:73,14,0,0
BRDA:73,14,1,0
BRDA:79,15,0,0
BRDA:79,15,1,0
BRDA:79,16,0,0
BRDA:79,16,1,0
BRF:36
BRH:0
end_of_record
TN:
SF:dist/formio-contrib.min.js
FN:1,(anonymous_0)
FN:1,(anonymous_1)
FN:1,(anonymous_2)
FN:1,n
FN:1,(anonymous_4)
FN:1,(anonymous_5)
FN:1,(anonymous_6)
FN:1,(anonymous_7)
FN:1,(anonymous_8)
FN:1,(anonymous_9)
FN:1,(anonymous_10)
FN:1,(anonymous_11)
FN:1,(anonymous_12)
FN:1,(anonymous_13)
FN:1,(anonymous_14)
FN:1,a
FN:1,i
FN:1,o
FN:1,s
FN:1,u
FN:1,d
FN:1,l
FN:1,c
FN:1,_
FN:1,f
FN:1,m
FN:1,h
FN:1,(anonymous_27)
FN:1,p
FN:1,(anonymous_29)
FN:1,v
FN:1,g
FN:1,L
FN:1,Y
FN:1,b
FN:1,k
FN:1,w
FN:1,D
FN:1,(anonymous_38)
FN:1,x
FN:1,j
FN:1,A
FN:1,H
FN:1,(anonymous_43)
FN:1,E
FN:1,P
FN:1,z
FN:1,W
FN:1,F
FN:1,U
FN:1,(anonymous_50)
FN:1,(anonymous_51)
FN:1,(anonymous_52)
FN:1,V
FN:1,(anonymous_54)
FN:1,(anonymous_55)
FN:1,B
FN:1,r
FN:1,le
FN:1,(anonymous_59)
FN:1,ce
FN:1,(anonymous_61)
FN:1,_e
FN:1,me
FN:1,(anonymous_64)
FN:1,he
FN:1,(anonymous_66)
FN:1,pe
FN:1,ye
FN:1,ve
FN:1,(anonymous_70)
FN:1,(anonymous_71)
FN:1,(anonymous_72)
FN:1,(anonymous_73)
FN:1,(anonymous_74)
FN:1,(anonymous_75)
FN:1,Le
FN:1,(anonymous_77)
FN:1,Ye
FN:1,be
FN:1,ke
FN:1,(anonymous_81)
FN:1,(anonymous_82)
FN:1,(anonymous_83)
FN:1,(anonymous_84)
FN:1,(anonymous_85)
FN:1,(anonymous_86)
FN:1,(anonymous_87)
FN:1,(anonymous_88)
FN:1,Se
FN:1,xe
FN:1,je
FN:1,Oe
FN:1,e
FN:1,Ee
FN:1,Pe
FN:1,ze
FN:1,Ce
FN:1,We
FN:1,Fe
FN:1,Ie
FN:1,(anonymous_101)
FN:1,(anonymous_102)
FN:1,(anonymous_103)
FN:1,(anonymous_104)
FN:1,(anonymous_105)
FN:1,(anonymous_106)
FN:1,(anonymous_107)
FN:1,(anonymous_108)
FN:1,(anonymous_109)
FN:1,Ue
FN:1,qe
FN:1,e
FN:1,$e
FN:1,Ke
FN:1,(anonymous_115)
FN:1,Ze
FN:1,(anonymous_117)
FN:1,(anonymous_118)
FN:1,(anonymous_119)
FN:1,(anonymous_120)
FN:1,(anonymous_121)
FN:1,(anonymous_122)
FN:1,(anonymous_123)
FN:1,(anonymous_124)
FN:1,(anonymous_125)
FN:1,(anonymous_126)
FN:1,(anonymous_127)
FN:1,(anonymous_128)
FN:1,rt
FN:1,at
FN:1,it
FN:1,ot
FN:1,(anonymous_133)
FN:1,st
FN:1,(anonymous_135)
FN:1,ut
FN:1,dt
FN:1,lt
FN:1,(anonymous_139)
FN:1,(anonymous_140)
FN:1,yt
FN:1,Mt
FN:1,Lt
FN:1,(anonymous_144)
FN:1,(anonymous_145)
FN:1,Yt
FN:1,(anonymous_147)
FN:1,bt
FN:1,(anonymous_149)
FN:1,(anonymous_150)
FN:1,(anonymous_151)
FN:1,(anonymous_152)
FN:1,(anonymous_153)
FN:1,(anonymous_154)
FN:1,kt
FN:1,(anonymous_156)
FN:1,wt
FN:1,(anonymous_158)
FN:1,(anonymous_159)
FN:1,(anonymous_160)
FN:1,(anonymous_161)
FN:1,(anonymous_162)
FN:1,St
FN:1,jt
FN:1,(anonymous_165)
FN:1,At
FN:1,Ht
FN:1,Ot
FN:1,(anonymous_169)
FN:1,(anonymous_170)
FN:1,Pt
FN:1,zt
FN:1,Ct
FN:1,Wt
FN:1,(anonymous_175)
FN:1,Nt
FN:1,Rt
FN:1,Jt
FN:1,Ut
FN:1,(anonymous_180)
FN:1,Vt
FN:1,(anonymous_182)
FN:1,qt
FN:1,$t
FN:1,(anonymous_185)
FN:1,Zt
FN:1,Qt
FN:1,Xt
FN:1,en
FN:1,tn
FN:1,nn
FN:1,rn
FN:1,(anonymous_193)
FN:1,(anonymous_194)
FN:1,(anonymous_195)
FN:1,(anonymous_196)
FN:1,(anonymous_197)
FN:1,(anonymous_198)
FN:1,(anonymous_199)
FN:1,(anonymous_200)
FN:1,(anonymous_201)
FN:1,(anonymous_202)
FN:1,(anonymous_203)
FN:1,(anonymous_204)
FN:1,(anonymous_205)
FN:1,(anonymous_206)
FN:1,(anonymous_207)
FN:1,(anonymous_208)
FN:1,dn
FN:1,_n
FN:1,(anonymous_211)
FN:1,(anonymous_212)
FN:1,(anonymous_213)
FN:1,(anonymous_214)
FN:1,(anonymous_215)
FN:1,(anonymous_216)
FN:1,(anonymous_217)
FN:1,(anonymous_218)
FN:1,(anonymous_219)
FN:1,(anonymous_220)
FN:1,(anonymous_221)
FN:1,(anonymous_222)
FN:1,(anonymous_223)
FN:1,(anonymous_224)
FN:1,(anonymous_225)
FN:1,(anonymous_226)
FN:1,(anonymous_227)
FN:1,(anonymous_228)
FN:1,(anonymous_229)
FN:1,(anonymous_230)
FN:1,(anonymous_231)
FN:1,(anonymous_232)
FN:1,(anonymous_233)
FN:1,(anonymous_234)
FN:1,(anonymous_235)
FN:1,(anonymous_236)
FN:1,(anonymous_237)
FN:1,(anonymous_238)
FN:1,(anonymous_239)
FN:1,(anonymous_240)
FN:1,(anonymous_241)
FN:1,(anonymous_242)
FN:1,(anonymous_243)
FN:1,(anonymous_244)
FN:1,(anonymous_245)
FN:1,(anonymous_246)
FN:1,(anonymous_247)
FN:1,(anonymous_248)
FN:1,(anonymous_249)
FN:1,(anonymous_250)
FN:1,(anonymous_251)
FN:1,(anonymous_252)
FN:1,(anonymous_253)
FN:1,(anonymous_254)
FN:1,(anonymous_255)
FN:1,(anonymous_256)
FN:1,(anonymous_257)
FN:1,(anonymous_258)
FN:1,(anonymous_259)
FN:1,(anonymous_260)
FN:1,(anonymous_261)
FN:1,(anonymous_262)
FN:1,(anonymous_263)
FN:1,(anonymous_264)
FN:1,(anonymous_265)
FN:1,(anonymous_266)
FN:1,(anonymous_267)
FN:1,(anonymous_268)
FN:1,(anonymous_269)
FN:1,(anonymous_270)
FN:1,mn
FN:1,hn
FN:1,pn
FN:1,(anonymous_274)
FN:1,(anonymous_275)
FN:1,(anonymous_276)
FN:1,(anonymous_277)
FN:1,(anonymous_278)
FN:1,(anonymous_279)
FN:1,(anonymous_280)
FN:1,(anonymous_281)
FN:1,(anonymous_282)
FN:1,(anonymous_283)
FN:1,(anonymous_284)
FN:1,(anonymous_285)
FN:1,(anonymous_286)
FN:1,(anonymous_287)
FN:1,(anonymous_288)
FN:1,(anonymous_289)
FN:1,(anonymous_290)
FN:1,(anonymous_291)
FN:1,(anonymous_292)
FN:1,(anonymous_293)
FN:1,(anonymous_294)
FN:1,(anonymous_295)
FN:1,(anonymous_296)
FN:1,(anonymous_297)
FN:1,(anonymous_298)
FN:1,(anonymous_299)
FN:1,vn
FN:1,Mn
FN:1,gn
FN:1,Ln
FN:1,Yn
FN:1,(anonymous_305)
FN:1,Hn
FN:1,(anonymous_307)
FN:1,Rn
FN:1,Un
FN:1,Vn
FN:1,(anonymous_311)
FN:1,(anonymous_312)
FN:1,(anonymous_313)
FN:1,(anonymous_314)
FN:1,(anonymous_315)
FN:1,(anonymous_316)
FN:1,(anonymous_317)
FN:1,(anonymous_318)
FN:1,(anonymous_319)
FN:1,(anonymous_320)
FN:1,(anonymous_321)
FN:1,(anonymous_322)
FN:1,(anonymous_323)
FN:1,(anonymous_324)
FN:1,(anonymous_325)
FN:1,(anonymous_326)
FN:1,(anonymous_327)
FN:1,(anonymous_328)
FN:1,(anonymous_329)
FN:1,(anonymous_330)
FN:1,(anonymous_331)
FN:1,(anonymous_332)
FN:1,(anonymous_333)
FN:1,(anonymous_334)
FN:1,(anonymous_335)
FN:1,(anonymous_336)
FN:1,(anonymous_337)
FN:1,(anonymous_338)
FN:1,(anonymous_339)
FN:1,(anonymous_340)
FN:1,(anonymous_341)
FN:1,(anonymous_342)
FN:1,(anonymous_343)
FN:1,(anonymous_344)
FN:1,(anonymous_345)
FN:1,(anonymous_346)
FN:1,(anonymous_347)
FN:1,(anonymous_348)
FN:1,(anonymous_349)
FN:1,(anonymous_350)
FN:1,(anonymous_351)
FN:1,(anonymous_352)
FN:1,(anonymous_353)
FN:1,(anonymous_354)
FN:1,(anonymous_355)
FN:1,(anonymous_356)
FN:1,(anonymous_357)
FN:1,(anonymous_358)
FN:1,(anonymous_359)
FN:1,(anonymous_360)
FN:1,(anonymous_361)
FN:1,(anonymous_362)
FN:1,(anonymous_363)
FN:1,(anonymous_364)
FN:1,(anonymous_365)
FN:1,(anonymous_366)
FN:1,(anonymous_367)
FN:1,(anonymous_368)
FN:1,(anonymous_369)
FN:1,(anonymous_370)
FN:1,(anonymous_371)
FN:1,(anonymous_372)
FN:1,(anonymous_373)
FN:1,(anonymous_374)
FN:1,(anonymous_375)
FN:1,(anonymous_376)
FN:1,(anonymous_377)
FN:1,(anonymous_378)
FN:1,(anonymous_379)
FN:1,(anonymous_380)
FN:1,(anonymous_381)
FN:1,(anonymous_382)
FN:1,(anonymous_383)
FN:1,(anonymous_384)
FN:1,(anonymous_385)
FN:1,(anonymous_386)
FN:1,(anonymous_387)
FN:1,(anonymous_388)
FN:1,(anonymous_389)
FN:1,(anonymous_390)
FN:1,(anonymous_391)
FN:1,(anonymous_392)
FN:1,(anonymous_393)
FN:1,(anonymous_394)
FN:1,(anonymous_395)
FN:1,(anonymous_396)
FN:1,(anonymous_397)
FN:1,(anonymous_398)
FN:1,(anonymous_399)
FN:1,(anonymous_400)
FN:1,(anonymous_401)
FN:1,(anonymous_402)
FN:1,(anonymous_403)
FN:1,(anonymous_404)
FN:1,(anonymous_405)
FN:1,(anonymous_406)
FN:1,(anonymous_407)
FN:1,(anonymous_408)
FN:1,(anonymous_409)
FN:1,(anonymous_410)
FN:1,(anonymous_411)
FN:9,(anonymous_412)
FN:9,(anonymous_413)
FN:9,it
FN:9,ot
FN:9,st
FN:9,ut
FN:9,dt
FN:9,lt
FN:9,ct
FN:9,_t
FN:9,ft
FN:9,mt
FN:9,ht
FN:9,pt
FN:9,yt
FN:9,Mt
FN:9,(anonymous_428)
FN:9,gt
FN:9,Lt
FN:9,(anonymous_431)
FN:9,Yt
FN:9,bt
FN:9,kt
FN:9,wt
FN:9,(anonymous_436)
FN:9,Dt
FN:9,(anonymous_438)
FN:9,Tt
FN:9,(anonymous_440)
FN:9,St
FN:9,xt
FN:9,jt
FN:9,(anonymous_444)
FN:9,At
FN:9,(anonymous_446)
FN:9,Ht
FN:9,Ot
FN:9,Et
FN:9,Pt
FN:9,Wt
FN:9,Ft
FN:9,It
FN:9,(anonymous_454)
FN:9,Nt
FN:9,(anonymous_456)
FN:9,Rt
FN:9,Jt
FN:9,(anonymous_459)
FN:9,Ut
FN:9,(anonymous_461)
FN:9,Vt
FN:9,(anonymous_463)
FN:9,Bt
FN:9,(anonymous_465)
FN:9,(anonymous_466)
FN:9,e
FN:9,(anonymous_468)
FN:9,Sn
FN:9,(anonymous_470)
FN:9,e
FN:9,(anonymous_472)
FN:9,jn
FN:9,An
FN:9,Hn
FN:9,On
FN:9,En
FN:9,Pn
FN:9,zn
FN:9,Cn
FN:9,Wn
FN:9,Fn
FN:9,In
FN:9,Nn
FN:9,Rn
FN:9,Jn
FN:9,Un
FN:9,Vn
FN:9,(anonymous_489)
FN:9,Bn
FN:9,Gn
FN:9,qn
FN:9,$n
FN:9,Kn
FN:9,(anonymous_495)
FN:9,(anonymous_496)
FN:9,(anonymous_497)
FN:9,(anonymous_498)
FN:9,(anonymous_499)
FN:9,(anonymous_500)
FN:9,(anonymous_501)
FN:9,(anonymous_502)
FN:9,(anonymous_503)
FN:9,(anonymous_504)
FN:9,Zn
FN:9,Qn
FN:9,(anonymous_507)
FN:9,Xn
FN:9,(anonymous_509)
FN:9,(anonymous_510)
FN:9,(anonymous_511)
FN:9,(anonymous_512)
FN:9,(anonymous_513)
FN:9,(anonymous_514)
FN:9,(anonymous_515)
FN:9,(anonymous_516)
FN:9,(anonymous_517)
FN:9,(anonymous_518)
FN:9,(anonymous_519)
FN:9,(anonymous_520)
FN:9,(anonymous_521)
FN:9,(anonymous_522)
FN:9,(anonymous_523)
FN:9,(anonymous_524)
FN:9,(anonymous_525)
FN:9,(anonymous_526)
FN:9,(anonymous_527)
FN:9,(anonymous_528)
FN:9,(anonymous_529)
FN:9,(anonymous_530)
FN:9,nr
FN:9,(anonymous_532)
FN:9,rr
FN:9,ar
FN:9,(anonymous_535)
FN:9,ir
FN:9,ur
FN:9,dr
FN:9,lr
FN:9,(anonymous_540)
FN:9,cr
FN:9,_r
FN:9,fr
FN:9,(anonymous_544)
FN:9,(anonymous_545)
FN:9,mr
FN:9,hr
FN:9,pr
FN:9,yr
FN:9,vr
FN:9,Mr
FN:9,gr
FN:9,(anonymous_553)
FN:9,(anonymous_554)
FN:9,(anonymous_555)
FN:9,Lr
FN:9,Yr
FN:9,br
FN:9,kr
FN:9,wr
FN:9,(anonymous_561)
FN:9,Dr
FN:9,Tr
FN:9,(anonymous_564)
FN:9,Sr
FN:9,(anonymous_566)
FN:9,xr
FN:9,(anonymous_568)
FN:9,jr
FN:9,(anonymous_570)
FN:9,(anonymous_571)
FN:9,Ar
FN:9,Hr
FN:9,(anonymous_574)
FN:9,(anonymous_575)
FN:9,(anonymous_576)
FN:9,(anonymous_577)
FN:9,(anonymous_578)
FN:9,Or
FN:9,Er
FN:9,Pr
FN:9,zr
FN:9,Cr
FN:9,Wr
FN:9,Fr
FN:9,Ir
FN:9,Nr
FN:9,(anonymous_588)
FN:9,(anonymous_589)
FN:9,Ur
FN:9,Vr
FN:9,Br
FN:9,(anonymous_593)
FN:9,Gr
FN:9,qr
FN:9,$r
FN:9,Kr
FN:9,Zr
FN:9,Qr
FN:9,Xr
FN:9,ea
FN:9,ta
FN:9,na
FN:9,(anonymous_604)
FN:9,ra
FN:9,aa
FN:9,ia
FN:9,oa
FN:9,sa
FN:9,da
FN:9,(anonymous_611)
FN:9,ca
FN:9,_a
FN:9,fa
FN:9,ma
FN:9,ha
FN:9,pa
FN:9,ya
FN:9,va
FN:9,Ma
FN:9,(anonymous_621)
FN:9,ga
FN:9,(anonymous_623)
FN:9,La
FN:9,(anonymous_625)
FN:9,Ya
FN:9,(anonymous_627)
FN:9,ba
FN:9,(anonymous_629)
FN:9,ka
FN:9,(anonymous_631)
FN:9,wa
FN:9,(anonymous_633)
FN:9,Da
FN:9,(anonymous_635)
FN:9,(anonymous_636)
FN:9,Ta
FN:9,(anonymous_638)
FN:9,(anonymous_639)
FN:9,Sa
FN:9,y
FN:9,xa
FN:9,(anonymous_643)
FN:9,(anonymous_644)
FN:9,(anonymous_645)
FN:9,ja
FN:9,(anonymous_647)
FN:9,Aa
FN:9,(anonymous_649)
FN:9,(anonymous_650)
FN:9,(anonymous_651)
FN:9,Ha
FN:9,Oa
FN:9,(anonymous_654)
FN:9,(anonymous_655)
FN:9,Ea
FN:9,(anonymous_657)
FN:9,Pa
FN:9,za
FN:9,(anonymous_660)
FN:9,(anonymous_661)
FN:9,Wa
FN:9,(anonymous_663)
FN:9,(anonymous_664)
FN:9,(anonymous_665)
FN:9,Fa
FN:9,(anonymous_667)
FN:9,(anonymous_668)
FN:9,i
FN:9,(anonymous_670)
FN:9,t
FN:9,(anonymous_672)
FN:9,t
FN:9,Ia
FN:9,Na
FN:9,Ra
FN:9,Ja
FN:9,(anonymous_678)
FN:9,Ua
FN:9,Va
FN:9,Ba
FN:9,(anonymous_682)
FN:9,qa
FN:9,$a
FN:9,Ka
FN:9,Za
FN:9,Qa
FN:9,Xa
FN:9,(anonymous_689)
FN:9,(anonymous_690)
FN:9,(anonymous_691)
FN:9,(anonymous_692)
FN:9,ri
FN:9,ai
FN:9,ii
FN:9,oi
FN:9,si
FN:9,ui
FN:9,di
FN:9,(anonymous_700)
FN:9,ci
FN:9,_i
FN:9,fi
FN:9,(anonymous_704)
FN:9,mi
FN:9,(anonymous_706)
FN:9,hi
FN:9,pi
FN:9,yi
FN:9,(anonymous_710)
FN:9,Li
FN:9,(anonymous_712)
FN:9,(anonymous_713)
FN:9,(anonymous_714)
FN:9,(anonymous_715)
FN:9,Yi
FN:9,(anonymous_717)
FN:9,bi
FN:9,(anonymous_719)
FN:9,(anonymous_720)
FN:9,(anonymous_721)
FN:9,(anonymous_722)
FN:9,wi
FN:9,Di
FN:9,Ti
FN:9,(anonymous_726)
FN:9,(anonymous_727)
FN:9,(anonymous_728)
FN:9,Ai
FN:9,Hi
FN:9,Oi
FN:9,Ei
FN:9,(anonymous_733)
FN:9,(anonymous_734)
FN:9,(anonymous_735)
FN:9,Wi
FN:9,Ii
FN:9,(anonymous_738)
FN:9,(anonymous_739)
FN:9,Ri
FN:9,(anonymous_741)
FN:9,(anonymous_742)
FN:9,(anonymous_743)
FN:9,Bi
FN:9,(anonymous_745)
FN:9,(anonymous_746)
FN:9,Gi
FN:9,(anonymous_748)
FN:9,(anonymous_749)
FN:9,(anonymous_750)
FN:9,(anonymous_751)
FN:9,(anonymous_752)
FN:9,(anonymous_753)
FN:9,eo
FN:9,to
FN:9,(anonymous_756)
FN:9,(anonymous_757)
FN:9,(anonymous_758)
FN:9,(anonymous_759)
FN:9,oo
FN:9,so
FN:9,(anonymous_762)
FN:9,(anonymous_763)
FN:9,(anonymous_764)
FN:9,(anonymous_765)
FN:9,_o
FN:9,(anonymous_767)
FN:9,(anonymous_768)
FN:9,(anonymous_769)
FN:9,(anonymous_770)
FN:9,po
FN:9,yo
FN:9,(anonymous_773)
FN:9,(anonymous_774)
FN:9,(anonymous_775)
FN:9,go
FN:9,m
FN:9,h
FN:9,p
FN:9,y
FN:9,(anonymous_781)
FN:9,v
FN:9,M
FN:9,(anonymous_784)
FN:9,(anonymous_785)
FN:9,(anonymous_786)
FN:9,(anonymous_787)
FN:9,bo
FN:9,(anonymous_789)
FN:9,ko
FN:9,(anonymous_791)
FN:9,(anonymous_792)
FN:9,(anonymous_793)
FN:9,(anonymous_794)
FN:9,(anonymous_795)
FN:9,(anonymous_796)
FN:9,xo
FN:9,(anonymous_798)
FN:9,(anonymous_799)
FN:9,(anonymous_800)
FN:9,(anonymous_801)
FN:9,Po
FN:9,zo
FN:9,(anonymous_804)
FN:9,Fo
FN:9,Io
FN:9,No
FN:9,Ro
FN:9,Jo
FN:9,Uo
FN:9,(anonymous_811)
FN:9,Bo
FN:9,Go
FN:9,(anonymous_814)
FN:9,(anonymous_815)
FN:9,Ko
FN:9,Zo
FN:9,(anonymous_818)
FN:9,(anonymous_819)
FN:9,ts
FN:9,(anonymous_821)
FN:9,ns
FN:9,rs
FN:9,as
FN:9,is
FN:9,os
FN:9,ss
FN:9,(anonymous_828)
FN:9,(anonymous_829)
FN:9,(anonymous_830)
FN:9,(anonymous_831)
FN:9,(anonymous_832)
FN:9,(anonymous_833)
FN:9,hs
FN:9,ps
FN:9,(anonymous_836)
FN:9,(anonymous_837)
FN:9,gs
FN:9,Ls
FN:9,(anonymous_840)
FN:9,(anonymous_841)
FN:9,(anonymous_842)
FN:9,(anonymous_843)
FN:9,(anonymous_844)
FN:9,(anonymous_845)
FN:9,(anonymous_846)
FN:9,Ds
FN:9,(anonymous_848)
FN:9,(anonymous_849)
FN:9,xs
FN:9,(anonymous_851)
FN:9,As
FN:9,Hs
FN:9,(anonymous_854)
FN:9,(anonymous_855)
FN:9,(anonymous_856)
FN:9,(anonymous_857)
FN:9,(anonymous_858)
FN:9,Is
FN:9,(anonymous_860)
FN:9,(anonymous_861)
FN:9,(anonymous_862)
FN:9,(anonymous_863)
FN:9,(anonymous_864)
FN:9,(anonymous_865)
FN:9,Js
FN:9,(anonymous_867)
FN:9,Bs
FN:9,Gs
FN:9,(anonymous_870)
FN:9,(anonymous_871)
FN:9,(anonymous_872)
FN:9,(anonymous_873)
FN:9,Ks
FN:9,(anonymous_875)
FN:9,(anonymous_876)
FN:9,Zs
FN:9,tu
FN:9,(anonymous_879)
FN:9,(anonymous_880)
FN:9,au
FN:9,iu
FN:9,(anonymous_883)
FN:9,(anonymous_884)
FN:9,(anonymous_885)
FN:9,(anonymous_886)
FN:9,(anonymous_887)
FN:9,(anonymous_888)
FN:9,(anonymous_889)
FN:9,(anonymous_890)
FN:9,(anonymous_891)
FN:9,(anonymous_892)
FN:9,(anonymous_893)
FN:9,(anonymous_894)
FN:9,(anonymous_895)
FN:9,(anonymous_896)
FN:9,(anonymous_897)
FN:9,(anonymous_898)
FN:9,(anonymous_899)
FN:9,e
FN:9,e
FN:9,(anonymous_902)
FN:9,(anonymous_903)
FN:9,(anonymous_904)
FN:9,(anonymous_905)
FN:9,(anonymous_906)
FN:9,(anonymous_907)
FN:9,(anonymous_908)
FN:9,(anonymous_909)
FN:9,(anonymous_910)
FN:9,(anonymous_911)
FN:9,(anonymous_912)
FN:9,(anonymous_913)
FN:9,(anonymous_914)
FN:9,(anonymous_915)
FN:9,(anonymous_916)
FN:9,(anonymous_917)
FN:9,(anonymous_918)
FN:9,(anonymous_919)
FN:9,(anonymous_920)
FN:9,(anonymous_921)
FN:9,(anonymous_922)
FN:9,(anonymous_923)
FN:9,(anonymous_924)
FN:9,(anonymous_925)
FN:9,(anonymous_926)
FN:9,(anonymous_927)
FN:9,(anonymous_928)
FN:9,(anonymous_929)
FN:9,(anonymous_930)
FN:9,(anonymous_931)
FN:9,(anonymous_932)
FN:9,(anonymous_933)
FN:9,(anonymous_934)
FN:9,(anonymous_935)
FN:9,(anonymous_936)
FN:9,(anonymous_937)
FN:9,(anonymous_938)
FN:9,(anonymous_939)
FN:9,(anonymous_940)
FN:9,(anonymous_941)
FN:9,(anonymous_942)
FN:9,(anonymous_943)
FN:9,(anonymous_944)
FN:9,(anonymous_945)
FN:9,(anonymous_946)
FN:9,(anonymous_947)
FN:9,(anonymous_948)
FN:9,(anonymous_949)
FN:9,(anonymous_950)
FN:9,(anonymous_951)
FN:9,(anonymous_952)
FN:9,(anonymous_953)
FN:9,(anonymous_954)
FN:9,(anonymous_955)
FN:9,(anonymous_956)
FN:9,(anonymous_957)
FN:9,(anonymous_958)
FN:9,(anonymous_959)
FN:9,(anonymous_960)
FN:9,(anonymous_961)
FN:9,(anonymous_962)
FN:9,(anonymous_963)
FN:9,(anonymous_964)
FN:9,(anonymous_965)
FN:9,(anonymous_966)
FN:9,(anonymous_967)
FN:9,(anonymous_968)
FN:9,(anonymous_969)
FN:9,(anonymous_970)
FN:9,(anonymous_971)
FN:9,(anonymous_972)
FN:9,(anonymous_973)
FN:9,(anonymous_974)
FN:9,(anonymous_975)
FN:9,(anonymous_976)
FN:9,(anonymous_977)
FN:9,(anonymous_978)
FN:9,(anonymous_979)
FN:9,(anonymous_980)
FN:9,(anonymous_981)
FN:9,(anonymous_982)
FN:9,(anonymous_983)
FN:9,(anonymous_984)
FN:9,(anonymous_985)
FN:9,(anonymous_986)
FN:9,(anonymous_987)
FN:9,(anonymous_988)
FN:9,(anonymous_989)
FN:9,(anonymous_990)
FN:9,(anonymous_991)
FN:9,(anonymous_992)
FN:9,(anonymous_993)
FN:9,(anonymous_994)
FN:9,(anonymous_995)
FN:9,(anonymous_996)
FN:9,(anonymous_997)
FN:9,(anonymous_998)
FN:9,(anonymous_999)
FN:9,(anonymous_1000)
FN:9,(anonymous_1001)
FN:9,(anonymous_1002)
FN:9,(anonymous_1003)
FN:9,(anonymous_1004)
FN:9,(anonymous_1005)
FN:9,(anonymous_1006)
FN:9,(anonymous_1007)
FN:9,(anonymous_1008)
FN:9,(anonymous_1009)
FN:9,(anonymous_1010)
FN:9,(anonymous_1011)
FN:9,(anonymous_1012)
FN:9,(anonymous_1013)
FN:9,(anonymous_1014)
FN:9,(anonymous_1015)
FN:9,(anonymous_1016)
FN:9,(anonymous_1017)
FN:9,(anonymous_1018)
FN:9,(anonymous_1019)
FN:9,(anonymous_1020)
FN:9,(anonymous_1021)
FN:9,(anonymous_1022)
FN:9,(anonymous_1023)
FN:9,(anonymous_1024)
FN:9,(anonymous_1025)
FN:9,(anonymous_1026)
FN:9,(anonymous_1027)
FN:9,(anonymous_1028)
FN:9,(anonymous_1029)
FN:9,(anonymous_1030)
FN:9,(anonymous_1031)
FN:9,(anonymous_1032)
FN:9,(anonymous_1033)
FN:9,(anonymous_1034)
FN:9,(anonymous_1035)
FN:9,(anonymous_1036)
FN:9,(anonymous_1037)
FN:9,(anonymous_1038)
FN:9,(anonymous_1039)
FN:9,(anonymous_1040)
FN:9,(anonymous_1041)
FN:9,(anonymous_1042)
FN:9,(anonymous_1043)
FN:9,(anonymous_1044)
FN:9,(anonymous_1045)
FN:9,(anonymous_1046)
FN:9,(anonymous_1047)
FN:9,(anonymous_1048)
FN:9,(anonymous_1049)
FN:9,(anonymous_1050)
FN:9,(anonymous_1051)
FN:9,(anonymous_1052)
FN:9,(anonymous_1053)
FN:9,(anonymous_1054)
FN:9,(anonymous_1055)
FN:9,(anonymous_1056)
FN:9,(anonymous_1057)
FN:9,(anonymous_1058)
FN:9,(anonymous_1059)
FN:9,(anonymous_1060)
FN:9,(anonymous_1061)
FN:9,(anonymous_1062)
FN:9,(anonymous_1063)
FN:9,(anonymous_1064)
FN:9,(anonymous_1065)
FN:9,(anonymous_1066)
FN:9,(anonymous_1067)
FN:9,(anonymous_1068)
FN:9,(anonymous_1069)
FN:9,(anonymous_1070)
FN:9,(anonymous_1071)
FN:9,(anonymous_1072)
FN:9,(anonymous_1073)
FN:9,(anonymous_1074)
FN:9,(anonymous_1075)
FN:9,(anonymous_1076)
FN:9,(anonymous_1077)
FN:9,(anonymous_1078)
FN:9,(anonymous_1079)
FN:9,(anonymous_1080)
FN:9,(anonymous_1081)
FN:9,(anonymous_1082)
FN:9,(anonymous_1083)
FN:9,(anonymous_1084)
FN:9,(anonymous_1085)
FN:9,(anonymous_1086)
FN:9,(anonymous_1087)
FN:9,(anonymous_1088)
FN:9,(anonymous_1089)
FN:9,(anonymous_1090)
FN:9,(anonymous_1091)
FN:9,(anonymous_1092)
FN:9,(anonymous_1093)
FN:9,(anonymous_1094)
FN:9,(anonymous_1095)
FN:9,(anonymous_1096)
FN:9,(anonymous_1097)
FN:9,(anonymous_1098)
FN:9,(anonymous_1099)
FN:9,(anonymous_1100)
FN:9,(anonymous_1101)
FN:9,(anonymous_1102)
FN:9,(anonymous_1103)
FN:9,(anonymous_1104)
FN:9,(anonymous_1105)
FN:9,(anonymous_1106)
FN:9,(anonymous_1107)
FN:9,(anonymous_1108)
FN:9,(anonymous_1109)
FN:9,(anonymous_1110)
FN:9,(anonymous_1111)
FN:9,(anonymous_1112)
FN:9,(anonymous_1113)
FN:9,(anonymous_1114)
FN:9,(anonymous_1115)
FN:9,(anonymous_1116)
FN:9,(anonymous_1117)
FN:9,(anonymous_1118)
FN:9,(anonymous_1119)
FN:9,(anonymous_1120)
FN:9,(anonymous_1121)
FN:9,(anonymous_1122)
FN:9,(anonymous_1123)
FN:9,(anonymous_1124)
FN:9,(anonymous_1125)
FN:9,(anonymous_1126)
FN:9,(anonymous_1127)
FN:9,(anonymous_1128)
FN:9,(anonymous_1129)
FN:9,(anonymous_1130)
FN:9,(anonymous_1131)
FN:9,(anonymous_1132)
FN:9,(anonymous_1133)
FN:9,(anonymous_1134)
FN:9,i
FN:9,(anonymous_1136)
FN:9,(anonymous_1137)
FN:9,(anonymous_1138)
FN:9,(anonymous_1139)
FN:9,(anonymous_1140)
FN:9,(anonymous_1141)
FN:9,(anonymous_1142)
FN:9,(anonymous_1143)
FN:9,(anonymous_1144)
FN:9,(anonymous_1145)
FN:9,(anonymous_1146)
FN:9,(anonymous_1147)
FN:9,(anonymous_1148)
FN:9,(anonymous_1149)
FN:9,(anonymous_1150)
FN:9,(anonymous_1151)
FN:9,(anonymous_1152)
FN:9,(anonymous_1153)
FN:9,(anonymous_1154)
FN:9,u
FN:9,(anonymous_1156)
FN:9,(anonymous_1157)
FN:9,(anonymous_1158)
FN:9,(anonymous_1159)
FN:9,(anonymous_1160)
FN:9,(anonymous_1161)
FN:9,(anonymous_1162)
FN:9,(anonymous_1163)
FN:9,(anonymous_1164)
FN:9,(anonymous_1165)
FN:9,(anonymous_1166)
FN:15,(anonymous_1167)
FN:15,(anonymous_1168)
FN:15,(anonymous_1169)
FN:15,(anonymous_1170)
FN:15,r
FN:15,i
FN:15,o
FN:15,s
FN:15,u
FN:15,d
FN:15,(anonymous_1177)
FN:15,(anonymous_1178)
FN:15,(anonymous_1179)
FN:15,(anonymous_1180)
FN:15,e
FN:15,(anonymous_1182)
FN:15,t
FN:15,(anonymous_1184)
FN:15,(anonymous_1185)
FN:15,(anonymous_1186)
FN:15,(anonymous_1187)
FN:15,(anonymous_1188)
FN:15,(anonymous_1189)
FN:15,(anonymous_1190)
FN:15,(anonymous_1191)
FN:15,(anonymous_1192)
FN:15,(anonymous_1193)
FN:15,(anonymous_1194)
FN:15,(anonymous_1195)
FN:15,(anonymous_1196)
FN:15,(anonymous_1197)
FN:15,(anonymous_1198)
FN:15,(anonymous_1199)
FN:15,i
FN:15,o
FN:15,(anonymous_1202)
FN:15,s
FN:15,(anonymous_1204)
FN:15,u
FN:15,(anonymous_1206)
FN:15,(anonymous_1207)
FN:15,(anonymous_1208)
FN:15,(anonymous_1209)
FN:15,(anonymous_1210)
FN:15,(anonymous_1211)
FN:15,(anonymous_1212)
FN:15,(anonymous_1213)
FN:15,(anonymous_1214)
FN:15,(anonymous_1215)
FN:15,(anonymous_1216)
FN:15,(anonymous_1217)
FN:15,(anonymous_1218)
FN:15,(anonymous_1219)
FN:15,r
FN:15,(anonymous_1221)
FN:15,(anonymous_1222)
FN:15,(anonymous_1223)
FN:15,(anonymous_1224)
FN:15,(anonymous_1225)
FN:15,(anonymous_1226)
FN:15,(anonymous_1227)
FN:15,(anonymous_1228)
FN:15,(anonymous_1229)
FN:15,(anonymous_1230)
FN:15,(anonymous_1231)
FN:15,(anonymous_1232)
FN:15,(anonymous_1233)
FN:15,(anonymous_1234)
FN:15,(anonymous_1235)
FN:15,(anonymous_1236)
FN:15,(anonymous_1237)
FN:15,(anonymous_1238)
FN:15,(anonymous_1239)
FN:15,(anonymous_1240)
FN:15,(anonymous_1241)
FN:15,(anonymous_1242)
FN:15,(anonymous_1243)
FN:15,(anonymous_1244)
FN:15,(anonymous_1245)
FN:15,(anonymous_1246)
FN:15,(anonymous_1247)
FN:15,(anonymous_1248)
FN:15,(anonymous_1249)
FN:15,(anonymous_1250)
FN:15,(anonymous_1251)
FN:15,(anonymous_1252)
FN:15,(anonymous_1253)
FN:15,(anonymous_1254)
FN:15,(anonymous_1255)
FN:15,(anonymous_1256)
FN:15,(anonymous_1257)
FN:15,(anonymous_1258)
FN:15,(anonymous_1259)
FN:15,(anonymous_1260)
FN:15,(anonymous_1261)
FN:15,(anonymous_1262)
FN:15,(anonymous_1263)
FN:15,(anonymous_1264)
FN:15,(anonymous_1265)
FN:15,(anonymous_1266)
FN:15,(anonymous_1267)
FN:15,(anonymous_1268)
FN:15,o
FN:15,s
FN:15,(anonymous_1271)
FN:15,(anonymous_1272)
FN:15,(anonymous_1273)
FN:15,(anonymous_1274)
FN:15,(anonymous_1275)
FN:15,(anonymous_1276)
FN:15,(anonymous_1277)
FN:15,(anonymous_1278)
FN:15,(anonymous_1279)
FN:15,(anonymous_1280)
FN:15,(anonymous_1281)
FN:15,(anonymous_1282)
FN:15,(anonymous_1283)
FN:15,(anonymous_1284)
FN:15,(anonymous_1285)
FN:15,(anonymous_1286)
FN:15,(anonymous_1287)
FN:15,(anonymous_1288)
FN:15,(anonymous_1289)
FN:15,h
FN:15,p
FN:15,(anonymous_1292)
FN:15,(anonymous_1293)
FN:15,y
FN:15,(anonymous_1295)
FN:15,(anonymous_1296)
FN:15,(anonymous_1297)
FN:15,g
FN:15,(anonymous_1299)
FN:15,L
FN:15,Y
FN:15,b
FN:15,k
FN:15,w
FN:15,(anonymous_1305)
FN:15,D
FN:15,T
FN:15,S
FN:15,x
FN:15,(anonymous_1310)
FN:15,(anonymous_1311)
FN:15,j
FN:15,A
FN:15,(anonymous_1314)
FN:15,H
FN:15,(anonymous_1316)
FN:15,(anonymous_1317)
FN:15,(anonymous_1318)
FN:15,(anonymous_1319)
FN:15,(anonymous_1320)
FN:15,(anonymous_1321)
FN:15,(anonymous_1322)
FN:15,(anonymous_1323)
FN:15,(anonymous_1324)
FN:15,(anonymous_1325)
FN:15,(anonymous_1326)
FN:15,(anonymous_1327)
FN:15,(anonymous_1328)
FN:15,(anonymous_1329)
FN:15,(anonymous_1330)
FN:15,(anonymous_1331)
FN:15,(anonymous_1332)
FN:15,(anonymous_1333)
FN:15,(anonymous_1334)
FN:15,(anonymous_1335)
FN:15,(anonymous_1336)
FN:15,(anonymous_1337)
FN:15,(anonymous_1338)
FN:15,(anonymous_1339)
FN:15,(anonymous_1340)
FN:15,(anonymous_1341)
FN:15,(anonymous_1342)
FN:15,(anonymous_1343)
FN:15,(anonymous_1344)
FN:15,(anonymous_1345)
FN:15,(anonymous_1346)
FN:15,(anonymous_1347)
FN:15,(anonymous_1348)
FN:15,(anonymous_1349)
FN:15,(anonymous_1350)
FN:15,(anonymous_1351)
FN:15,(anonymous_1352)
FN:15,(anonymous_1353)
FN:15,(anonymous_1354)
FN:15,(anonymous_1355)
FN:15,(anonymous_1356)
FN:15,(anonymous_1357)
FN:15,(anonymous_1358)
FN:15,(anonymous_1359)
FN:15,(anonymous_1360)
FN:15,(anonymous_1361)
FN:15,(anonymous_1362)
FN:15,(anonymous_1363)
FN:15,(anonymous_1364)
FN:15,(anonymous_1365)
FN:15,(anonymous_1366)
FN:15,(anonymous_1367)
FN:15,(anonymous_1368)
FN:15,(anonymous_1369)
FN:15,(anonymous_1370)
FN:15,(anonymous_1371)
FN:15,(anonymous_1372)
FN:15,(anonymous_1373)
FN:15,(anonymous_1374)
FN:15,s
FN:15,u
FN:15,d
FN:15,l
FN:15,c
FN:15,_
FN:15,(anonymous_1381)
FN:15,(anonymous_1382)
FN:15,(anonymous_1383)
FN:15,(anonymous_1384)
FN:15,(anonymous_1385)
FN:15,(anonymous_1386)
FN:15,(anonymous_1387)
FN:15,(anonymous_1388)
FN:15,(anonymous_1389)
FN:15,(anonymous_1390)
FN:15,(anonymous_1391)
FN:15,(anonymous_1392)
FN:15,(anonymous_1393)
FN:15,(anonymous_1394)
FN:15,(anonymous_1395)
FN:15,(anonymous_1396)
FN:15,(anonymous_1397)
FN:15,(anonymous_1398)
FN:15,(anonymous_1399)
FN:15,(anonymous_1400)
FN:15,(anonymous_1401)
FN:15,(anonymous_1402)
FN:15,(anonymous_1403)
FN:15,(anonymous_1404)
FN:15,(anonymous_1405)
FN:15,(anonymous_1406)
FN:15,(anonymous_1407)
FN:15,(anonymous_1408)
FN:15,(anonymous_1409)
FN:15,(anonymous_1410)
FN:15,(anonymous_1411)
FN:15,(anonymous_1412)
FN:15,(anonymous_1413)
FN:15,(anonymous_1414)
FN:15,(anonymous_1415)
FN:15,(anonymous_1416)
FN:15,(anonymous_1417)
FN:15,(anonymous_1418)
FN:15,(anonymous_1419)
FN:15,(anonymous_1420)
FN:15,(anonymous_1421)
FN:15,(anonymous_1422)
FN:15,(anonymous_1423)
FN:15,(anonymous_1424)
FN:15,(anonymous_1425)
FN:15,(anonymous_1426)
FN:15,(anonymous_1427)
FN:15,(anonymous_1428)
FN:15,(anonymous_1429)
FN:15,(anonymous_1430)
FN:15,(anonymous_1431)
FN:15,(anonymous_1432)
FN:15,(anonymous_1433)
FN:15,(anonymous_1434)
FN:15,(anonymous_1435)
FN:15,(anonymous_1436)
FN:15,(anonymous_1437)
FN:15,(anonymous_1438)
FN:15,(anonymous_1439)
FN:15,(anonymous_1440)
FN:15,(anonymous_1441)
FN:15,(anonymous_1442)
FN:15,(anonymous_1443)
FN:15,(anonymous_1444)
FN:15,(anonymous_1445)
FN:15,(anonymous_1446)
FN:15,(anonymous_1447)
FN:15,(anonymous_1448)
FN:15,(anonymous_1449)
FN:15,(anonymous_1450)
FN:15,(anonymous_1451)
FN:15,(anonymous_1452)
FN:15,(anonymous_1453)
FN:15,(anonymous_1454)
FN:15,(anonymous_1455)
FN:15,(anonymous_1456)
FN:15,(anonymous_1457)
FN:15,(anonymous_1458)
FN:15,(anonymous_1459)
FN:15,(anonymous_1460)
FN:15,(anonymous_1461)
FN:15,(anonymous_1462)
FN:15,(anonymous_1463)
FN:15,(anonymous_1464)
FN:15,(anonymous_1465)
FN:15,(anonymous_1466)
FN:15,(anonymous_1467)
FN:15,(anonymous_1468)
FN:15,(anonymous_1469)
FN:15,(anonymous_1470)
FN:15,(anonymous_1471)
FN:15,(anonymous_1472)
FN:15,(anonymous_1473)
FN:15,(anonymous_1474)
FN:15,(anonymous_1475)
FN:15,(anonymous_1476)
FN:15,(anonymous_1477)
FN:15,(anonymous_1478)
FN:15,(anonymous_1479)
FN:15,(anonymous_1480)
FN:15,(anonymous_1481)
FN:15,(anonymous_1482)
FN:15,(anonymous_1483)
FN:15,(anonymous_1484)
FN:15,(anonymous_1485)
FN:15,(anonymous_1486)
FN:15,(anonymous_1487)
FN:15,(anonymous_1488)
FN:15,(anonymous_1489)
FN:15,(anonymous_1490)
FN:15,(anonymous_1491)
FN:15,(anonymous_1492)
FN:15,(anonymous_1493)
FN:15,(anonymous_1494)
FN:15,(anonymous_1495)
FN:15,(anonymous_1496)
FN:15,(anonymous_1497)
FN:15,(anonymous_1498)
FN:15,(anonymous_1499)
FN:15,(anonymous_1500)
FN:15,(anonymous_1501)
FN:15,t
FN:15,(anonymous_1503)
FN:15,(anonymous_1504)
FN:15,(anonymous_1505)
FN:15,(anonymous_1506)
FN:15,(anonymous_1507)
FN:15,(anonymous_1508)
FN:15,(anonymous_1509)
FN:15,(anonymous_1510)
FN:15,(anonymous_1511)
FN:15,(anonymous_1512)
FN:15,(anonymous_1513)
FN:15,(anonymous_1514)
FN:15,(anonymous_1515)
FN:15,(anonymous_1516)
FN:15,(anonymous_1517)
FN:15,(anonymous_1518)
FN:15,(anonymous_1519)
FN:15,(anonymous_1520)
FN:15,(anonymous_1521)
FN:15,(anonymous_1522)
FN:15,(anonymous_1523)
FN:15,(anonymous_1524)
FN:15,(anonymous_1525)
FN:15,(anonymous_1526)
FN:15,(anonymous_1527)
FN:15,(anonymous_1528)
FN:15,(anonymous_1529)
FN:15,(anonymous_1530)
FN:15,(anonymous_1531)
FN:15,t
FN:15,(anonymous_1533)
FN:15,(anonymous_1534)
FN:15,(anonymous_1535)
FN:15,e
FN:15,(anonymous_1537)
FN:15,(anonymous_1538)
FN:15,(anonymous_1539)
FN:15,t
FN:15,(anonymous_1541)
FN:15,(anonymous_1542)
FN:15,(anonymous_1543)
FN:15,(anonymous_1544)
FN:15,(anonymous_1545)
FN:15,(anonymous_1546)
FN:15,(anonymous_1547)
FN:15,(anonymous_1548)
FN:15,(anonymous_1549)
FN:15,(anonymous_1550)
FN:15,(anonymous_1551)
FN:15,(anonymous_1552)
FN:15,i
FN:15,o
FN:15,(anonymous_1555)
FN:15,(anonymous_1556)
FN:15,(anonymous_1557)
FN:15,(anonymous_1558)
FN:15,(anonymous_1559)
FN:15,(anonymous_1560)
FN:15,(anonymous_1561)
FN:15,(anonymous_1562)
FN:15,(anonymous_1563)
FN:15,(anonymous_1564)
FN:15,(anonymous_1565)
FN:15,(anonymous_1566)
FN:15,t
FN:15,(anonymous_1568)
FN:15,(anonymous_1569)
FN:15,t
FN:15,(anonymous_1571)
FN:15,(anonymous_1572)
FN:15,t
FN:15,(anonymous_1574)
FN:15,(anonymous_1575)
FN:15,(anonymous_1576)
FN:15,(anonymous_1577)
FN:15,(anonymous_1578)
FN:15,(anonymous_1579)
FN:15,(anonymous_1580)
FN:15,(anonymous_1581)
FN:15,(anonymous_1582)
FN:15,(anonymous_1583)
FN:15,(anonymous_1584)
FN:15,(anonymous_1585)
FN:15,(anonymous_1586)
FN:15,(anonymous_1587)
FN:15,(anonymous_1588)
FN:15,(anonymous_1589)
FN:15,(anonymous_1590)
FN:15,(anonymous_1591)
FN:15,(anonymous_1592)
FN:15,(anonymous_1593)
FN:15,(anonymous_1594)
FN:15,(anonymous_1595)
FN:15,(anonymous_1596)
FN:15,(anonymous_1597)
FN:15,(anonymous_1598)
FN:15,(anonymous_1599)
FN:15,(anonymous_1600)
FN:15,(anonymous_1601)
FN:15,(anonymous_1602)
FN:15,(anonymous_1603)
FN:15,(anonymous_1604)
FN:15,(anonymous_1605)
FN:15,(anonymous_1606)
FN:15,(anonymous_1607)
FN:15,(anonymous_1608)
FN:15,(anonymous_1609)
FN:15,(anonymous_1610)
FN:15,(anonymous_1611)
FN:15,(anonymous_1612)
FN:15,(anonymous_1613)
FN:15,(anonymous_1614)
FN:15,(anonymous_1615)
FN:15,(anonymous_1616)
FN:15,(anonymous_1617)
FN:15,(anonymous_1618)
FN:15,(anonymous_1619)
FN:15,(anonymous_1620)
FN:15,(anonymous_1621)
FN:15,(anonymous_1622)
FN:15,(anonymous_1623)
FN:15,(anonymous_1624)
FN:15,(anonymous_1625)
FN:15,(anonymous_1626)
FN:15,(anonymous_1627)
FN:15,(anonymous_1628)
FN:15,(anonymous_1629)
FN:15,(anonymous_1630)
FN:15,(anonymous_1631)
FN:15,(anonymous_1632)
FN:15,(anonymous_1633)
FN:15,(anonymous_1634)
FN:15,(anonymous_1635)
FN:15,(anonymous_1636)
FN:15,(anonymous_1637)
FN:15,t
FN:15,(anonymous_1639)
FN:15,(anonymous_1640)
FN:15,(anonymous_1641)
FN:15,(anonymous_1642)
FN:15,(anonymous_1643)
FN:15,(anonymous_1644)
FN:15,(anonymous_1645)
FN:15,(anonymous_1646)
FN:15,(anonymous_1647)
FN:15,(anonymous_1648)
FN:15,(anonymous_1649)
FN:15,(anonymous_1650)
FN:15,r
FN:15,(anonymous_1652)
FN:15,(anonymous_1653)
FN:15,(anonymous_1654)
FN:15,(anonymous_1655)
FN:15,(anonymous_1656)
FN:15,(anonymous_1657)
FN:15,(anonymous_1658)
FN:15,(anonymous_1659)
FN:15,(anonymous_1660)
FN:15,(anonymous_1661)
FN:15,(anonymous_1662)
FN:15,(anonymous_1663)
FN:15,(anonymous_1664)
FN:15,(anonymous_1665)
FN:15,(anonymous_1666)
FN:15,(anonymous_1667)
FN:15,(anonymous_1668)
FN:15,(anonymous_1669)
FN:15,(anonymous_1670)
FN:15,(anonymous_1671)
FN:15,(anonymous_1672)
FN:15,(anonymous_1673)
FN:15,(anonymous_1674)
FN:15,(anonymous_1675)
FN:15,(anonymous_1676)
FN:15,(anonymous_1677)
FN:15,(anonymous_1678)
FN:15,(anonymous_1679)
FN:15,(anonymous_1680)
FN:15,(anonymous_1681)
FN:15,(anonymous_1682)
FN:15,(anonymous_1683)
FN:15,t
FN:15,(anonymous_1685)
FN:15,(anonymous_1686)
FN:15,(anonymous_1687)
FN:15,(anonymous_1688)
FN:15,(anonymous_1689)
FN:15,(anonymous_1690)
FN:15,(anonymous_1691)
FN:15,(anonymous_1692)
FN:15,(anonymous_1693)
FN:15,(anonymous_1694)
FN:15,(anonymous_1695)
FN:15,(anonymous_1696)
FN:15,(anonymous_1697)
FN:15,(anonymous_1698)
FN:15,(anonymous_1699)
FN:15,(anonymous_1700)
FN:15,(anonymous_1701)
FN:15,(anonymous_1702)
FN:15,(anonymous_1703)
FN:15,(anonymous_1704)
FN:15,(anonymous_1705)
FN:15,(anonymous_1706)
FN:15,(anonymous_1707)
FN:15,(anonymous_1708)
FN:15,(anonymous_1709)
FN:15,(anonymous_1710)
FN:15,(anonymous_1711)
FN:15,(anonymous_1712)
FN:15,(anonymous_1713)
FN:15,t
FN:15,(anonymous_1715)
FN:15,(anonymous_1716)
FN:15,(anonymous_1717)
FN:15,(anonymous_1718)
FN:15,n
FN:15,r
FN:15,(anonymous_1721)
FN:15,(anonymous_1722)
FN:15,(anonymous_1723)
FN:15,(anonymous_1724)
FN:15,(anonymous_1725)
FN:15,(anonymous_1726)
FN:15,(anonymous_1727)
FN:15,(anonymous_1728)
FN:15,(anonymous_1729)
FN:15,(anonymous_1730)
FN:15,(anonymous_1731)
FN:15,(anonymous_1732)
FN:15,(anonymous_1733)
FN:15,(anonymous_1734)
FN:15,(anonymous_1735)
FN:15,(anonymous_1736)
FN:15,(anonymous_1737)
FN:15,t
FN:15,n
FN:15,(anonymous_1740)
FN:15,(anonymous_1741)
FN:15,(anonymous_1742)
FN:15,(anonymous_1743)
FN:15,(anonymous_1744)
FN:15,(anonymous_1745)
FN:15,(anonymous_1746)
FN:15,(anonymous_1747)
FN:15,(anonymous_1748)
FN:15,(anonymous_1749)
FN:15,(anonymous_1750)
FN:15,(anonymous_1751)
FN:15,(anonymous_1752)
FN:15,(anonymous_1753)
FN:15,(anonymous_1754)
FN:15,(anonymous_1755)
FN:15,(anonymous_1756)
FN:15,(anonymous_1757)
FN:15,(anonymous_1758)
FN:15,(anonymous_1759)
FN:15,(anonymous_1760)
FN:15,(anonymous_1761)
FN:15,(anonymous_1762)
FN:15,(anonymous_1763)
FN:15,(anonymous_1764)
FN:15,(anonymous_1765)
FN:15,(anonymous_1766)
FN:15,(anonymous_1767)
FN:15,(anonymous_1768)
FN:15,(anonymous_1769)
FN:15,(anonymous_1770)
FN:15,(anonymous_1771)
FN:15,(anonymous_1772)
FN:15,(anonymous_1773)
FN:15,(anonymous_1774)
FN:15,(anonymous_1775)
FN:15,(anonymous_1776)
FN:15,(anonymous_1777)
FN:15,(anonymous_1778)
FN:15,(anonymous_1779)
FN:15,(anonymous_1780)
FN:15,(anonymous_1781)
FN:15,(anonymous_1782)
FN:15,(anonymous_1783)
FN:15,(anonymous_1784)
FN:15,(anonymous_1785)
FN:15,(anonymous_1786)
FN:15,(anonymous_1787)
FN:15,(anonymous_1788)
FN:15,(anonymous_1789)
FN:15,(anonymous_1790)
FN:15,(anonymous_1791)
FN:15,(anonymous_1792)
FN:15,(anonymous_1793)
FN:15,(anonymous_1794)
FN:15,(anonymous_1795)
FN:15,(anonymous_1796)
FN:15,(anonymous_1797)
FN:15,(anonymous_1798)
FN:15,(anonymous_1799)
FN:15,(anonymous_1800)
FN:15,(anonymous_1801)
FN:15,t
FN:15,n
FN:15,(anonymous_1804)
FN:15,(anonymous_1805)
FN:15,(anonymous_1806)
FN:15,(anonymous_1807)
FN:15,(anonymous_1808)
FN:15,(anonymous_1809)
FN:15,(anonymous_1810)
FN:15,(anonymous_1811)
FN:15,(anonymous_1812)
FN:15,(anonymous_1813)
FN:15,n
FN:15,r
FN:15,a
FN:15,i
FN:15,(anonymous_1818)
FN:15,(anonymous_1819)
FN:15,(anonymous_1820)
FN:15,(anonymous_1821)
FN:15,n
FN:15,r
FN:15,a
FN:15,(anonymous_1825)
FN:15,(anonymous_1826)
FN:15,(anonymous_1827)
FN:15,(anonymous_1828)
FN:15,(anonymous_1829)
FN:15,(anonymous_1830)
FN:15,(anonymous_1831)
FN:15,(anonymous_1832)
FN:15,(anonymous_1833)
FN:15,(anonymous_1834)
FN:15,(anonymous_1835)
FN:15,(anonymous_1836)
FN:15,(anonymous_1837)
FN:15,(anonymous_1838)
FN:15,(anonymous_1839)
FN:15,(anonymous_1840)
FN:15,(anonymous_1841)
FN:15,(anonymous_1842)
FN:15,(anonymous_1843)
FN:15,t
FN:15,(anonymous_1845)
FN:15,(anonymous_1846)
FN:15,(anonymous_1847)
FN:15,(anonymous_1848)
FN:15,(anonymous_1849)
FN:15,r
FN:15,(anonymous_1851)
FN:15,(anonymous_1852)
FN:15,(anonymous_1853)
FN:15,(anonymous_1854)
FN:15,(anonymous_1855)
FN:15,(anonymous_1856)
FN:15,(anonymous_1857)
FN:15,(anonymous_1858)
FN:15,(anonymous_1859)
FN:15,(anonymous_1860)
FN:15,(anonymous_1861)
FN:15,(anonymous_1862)
FN:15,(anonymous_1863)
FN:15,(anonymous_1864)
FN:15,(anonymous_1865)
FN:15,(anonymous_1866)
FN:15,(anonymous_1867)
FN:15,(anonymous_1868)
FN:15,(anonymous_1869)
FN:15,(anonymous_1870)
FN:15,(anonymous_1871)
FN:15,(anonymous_1872)
FN:15,(anonymous_1873)
FN:15,(anonymous_1874)
FN:15,(anonymous_1875)
FN:15,(anonymous_1876)
FN:15,(anonymous_1877)
FN:15,(anonymous_1878)
FN:15,(anonymous_1879)
FN:15,(anonymous_1880)
FN:15,(anonymous_1881)
FN:15,(anonymous_1882)
FN:15,(anonymous_1883)
FN:15,(anonymous_1884)
FN:15,(anonymous_1885)
FN:15,(anonymous_1886)
FN:15,(anonymous_1887)
FN:15,(anonymous_1888)
FN:15,(anonymous_1889)
FN:15,(anonymous_1890)
FN:15,(anonymous_1891)
FN:15,(anonymous_1892)
FN:15,(anonymous_1893)
FN:15,(anonymous_1894)
FN:15,(anonymous_1895)
FN:15,(anonymous_1896)
FN:15,(anonymous_1897)
FN:15,(anonymous_1898)
FN:15,(anonymous_1899)
FN:15,(anonymous_1900)
FN:15,(anonymous_1901)
FN:15,(anonymous_1902)
FN:15,r
FN:15,a
FN:15,(anonymous_1905)
FN:15,(anonymous_1906)
FN:15,(anonymous_1907)
FN:15,(anonymous_1908)
FN:15,(anonymous_1909)
FN:15,(anonymous_1910)
FN:15,(anonymous_1911)
FN:15,(anonymous_1912)
FN:15,(anonymous_1913)
FN:15,(anonymous_1914)
FN:15,(anonymous_1915)
FN:15,t
FN:15,(anonymous_1917)
FN:15,(anonymous_1918)
FN:15,t
FN:15,(anonymous_1920)
FN:15,(anonymous_1921)
FN:15,(anonymous_1922)
FN:15,(anonymous_1923)
FN:15,(anonymous_1924)
FN:15,(anonymous_1925)
FN:15,(anonymous_1926)
FN:15,(anonymous_1927)
FN:15,(anonymous_1928)
FN:15,(anonymous_1929)
FN:15,(anonymous_1930)
FN:15,(anonymous_1931)
FN:15,(anonymous_1932)
FN:15,(anonymous_1933)
FN:15,(anonymous_1934)
FN:15,(anonymous_1935)
FN:15,(anonymous_1936)
FN:15,(anonymous_1937)
FN:15,(anonymous_1938)
FN:15,(anonymous_1939)
FN:15,r
FN:15,a
FN:15,(anonymous_1942)
FN:15,(anonymous_1943)
FN:15,(anonymous_1944)
FN:15,(anonymous_1945)
FN:15,t
FN:15,(anonymous_1947)
FN:15,(anonymous_1948)
FN:15,(anonymous_1949)
FN:15,(anonymous_1950)
FN:15,(anonymous_1951)
FN:15,(anonymous_1952)
FN:15,(anonymous_1953)
FN:15,(anonymous_1954)
FN:15,(anonymous_1955)
FN:15,(anonymous_1956)
FN:15,(anonymous_1957)
FN:15,(anonymous_1958)
FN:15,(anonymous_1959)
FN:15,(anonymous_1960)
FN:15,(anonymous_1961)
FN:15,(anonymous_1962)
FN:15,(anonymous_1963)
FN:15,(anonymous_1964)
FN:15,(anonymous_1965)
FN:15,(anonymous_1966)
FN:15,(anonymous_1967)
FN:15,(anonymous_1968)
FN:15,(anonymous_1969)
FN:15,(anonymous_1970)
FN:15,(anonymous_1971)
FN:15,(anonymous_1972)
FN:15,(anonymous_1973)
FN:15,(anonymous_1974)
FN:15,(anonymous_1975)
FN:15,(anonymous_1976)
FN:15,(anonymous_1977)
FN:15,(anonymous_1978)
FN:15,(anonymous_1979)
FN:15,(anonymous_1980)
FN:15,(anonymous_1981)
FN:15,(anonymous_1982)
FN:15,(anonymous_1983)
FN:15,(anonymous_1984)
FN:15,(anonymous_1985)
FN:15,(anonymous_1986)
FN:15,(anonymous_1987)
FN:15,(anonymous_1988)
FN:15,(anonymous_1989)
FN:15,(anonymous_1990)
FN:15,(anonymous_1991)
FN:15,(anonymous_1992)
FN:15,(anonymous_1993)
FN:15,(anonymous_1994)
FN:15,(anonymous_1995)
FN:15,(anonymous_1996)
FN:15,(anonymous_1997)
FN:15,(anonymous_1998)
FN:15,(anonymous_1999)
FN:15,(anonymous_2000)
FN:15,(anonymous_2001)
FN:15,(anonymous_2002)
FN:15,(anonymous_2003)
FN:15,n
FN:15,(anonymous_2005)
FN:15,(anonymous_2006)
FN:15,(anonymous_2007)
FN:15,(anonymous_2008)
FN:15,(anonymous_2009)
FN:15,(anonymous_2010)
FN:15,(anonymous_2011)
FN:15,(anonymous_2012)
FN:15,t
FN:15,(anonymous_2014)
FN:15,(anonymous_2015)
FN:15,(anonymous_2016)
FN:15,(anonymous_2017)
FN:15,(anonymous_2018)
FN:15,(anonymous_2019)
FN:15,(anonymous_2020)
FN:15,(anonymous_2021)
FN:15,(anonymous_2022)
FN:15,(anonymous_2023)
FN:15,(anonymous_2024)
FN:15,(anonymous_2025)
FN:15,(anonymous_2026)
FN:15,(anonymous_2027)
FN:15,(anonymous_2028)
FN:15,t
FN:15,n
FN:15,(anonymous_2031)
FN:15,(anonymous_2032)
FN:15,(anonymous_2033)
FN:15,(anonymous_2034)
FN:15,(anonymous_2035)
FN:15,(anonymous_2036)
FN:15,(anonymous_2037)
FN:15,(anonymous_2038)
FN:15,(anonymous_2039)
FN:15,(anonymous_2040)
FN:15,(anonymous_2041)
FN:15,(anonymous_2042)
FN:15,(anonymous_2043)
FN:15,(anonymous_2044)
FN:15,(anonymous_2045)
FN:15,(anonymous_2046)
FN:15,(anonymous_2047)
FN:15,(anonymous_2048)
FN:15,(anonymous_2049)
FN:15,(anonymous_2050)
FN:15,(anonymous_2051)
FN:15,(anonymous_2052)
FN:15,(anonymous_2053)
FN:15,(anonymous_2054)
FN:15,(anonymous_2055)
FN:15,(anonymous_2056)
FN:15,(anonymous_2057)
FN:15,(anonymous_2058)
FN:15,(anonymous_2059)
FN:15,(anonymous_2060)
FN:15,(anonymous_2061)
FN:15,(anonymous_2062)
FN:15,(anonymous_2063)
FN:15,(anonymous_2064)
FN:15,(anonymous_2065)
FN:15,(anonymous_2066)
FN:15,(anonymous_2067)
FN:15,(anonymous_2068)
FN:15,(anonymous_2069)
FN:15,(anonymous_2070)
FN:15,(anonymous_2071)
FN:15,(anonymous_2072)
FN:15,(anonymous_2073)
FN:15,(anonymous_2074)
FN:15,u
FN:15,(anonymous_2076)
FN:15,(anonymous_2077)
FN:15,(anonymous_2078)
FN:15,(anonymous_2079)
FN:15,(anonymous_2080)
FN:15,e
FN:15,(anonymous_2082)
FN:15,(anonymous_2083)
FN:15,(anonymous_2084)
FN:15,(anonymous_2085)
FN:15,(anonymous_2086)
FN:15,(anonymous_2087)
FN:15,(anonymous_2088)
FN:15,(anonymous_2089)
FN:15,(anonymous_2090)
FN:15,(anonymous_2091)
FN:15,(anonymous_2092)
FN:15,(anonymous_2093)
FN:15,(anonymous_2094)
FN:15,(anonymous_2095)
FN:15,(anonymous_2096)
FN:15,(anonymous_2097)
FN:15,(anonymous_2098)
FN:15,(anonymous_2099)
FN:15,(anonymous_2100)
FN:15,(anonymous_2101)
FN:15,(anonymous_2102)
FN:15,(anonymous_2103)
FN:15,(anonymous_2104)
FN:15,(anonymous_2105)
FN:15,(anonymous_2106)
FN:15,(anonymous_2107)
FN:15,(anonymous_2108)
FN:15,(anonymous_2109)
FN:15,(anonymous_2110)
FN:15,(anonymous_2111)
FN:15,(anonymous_2112)
FN:15,(anonymous_2113)
FN:15,(anonymous_2114)
FN:15,(anonymous_2115)
FN:15,(anonymous_2116)
FN:15,(anonymous_2117)
FN:15,(anonymous_2118)
FN:15,(anonymous_2119)
FN:15,(anonymous_2120)
FN:15,(anonymous_2121)
FN:15,_
FN:15,(anonymous_2123)
FN:15,(anonymous_2124)
FN:15,(anonymous_2125)
FN:15,(anonymous_2126)
FN:15,(anonymous_2127)
FN:15,(anonymous_2128)
FN:15,(anonymous_2129)
FN:15,(anonymous_2130)
FN:15,e
FN:15,(anonymous_2132)
FN:15,(anonymous_2133)
FN:15,(anonymous_2134)
FN:15,(anonymous_2135)
FN:15,(anonymous_2136)
FN:15,(anonymous_2137)
FN:15,(anonymous_2138)
FN:15,(anonymous_2139)
FN:15,(anonymous_2140)
FN:15,(anonymous_2141)
FN:15,(anonymous_2142)
FN:15,(anonymous_2143)
FN:15,(anonymous_2144)
FN:15,(anonymous_2145)
FN:15,(anonymous_2146)
FN:15,(anonymous_2147)
FN:15,(anonymous_2148)
FN:15,(anonymous_2149)
FN:15,(anonymous_2150)
FN:15,(anonymous_2151)
FN:15,(anonymous_2152)
FN:15,(anonymous_2153)
FN:15,(anonymous_2154)
FN:15,(anonymous_2155)
FN:15,(anonymous_2156)
FN:15,(anonymous_2157)
FN:15,(anonymous_2158)
FN:15,(anonymous_2159)
FN:15,(anonymous_2160)
FN:15,(anonymous_2161)
FN:15,(anonymous_2162)
FN:15,(anonymous_2163)
FN:15,(anonymous_2164)
FN:15,(anonymous_2165)
FN:15,(anonymous_2166)
FN:15,(anonymous_2167)
FN:15,(anonymous_2168)
FN:15,(anonymous_2169)
FN:15,(anonymous_2170)
FN:15,(anonymous_2171)
FN:15,(anonymous_2172)
FN:15,(anonymous_2173)
FN:15,(anonymous_2174)
FN:15,(anonymous_2175)
FN:15,(anonymous_2176)
FN:15,(anonymous_2177)
FN:15,(anonymous_2178)
FN:15,(anonymous_2179)
FN:15,(anonymous_2180)
FN:15,(anonymous_2181)
FN:15,(anonymous_2182)
FN:15,(anonymous_2183)
FN:15,(anonymous_2184)
FN:15,(anonymous_2185)
FN:15,(anonymous_2186)
FN:15,(anonymous_2187)
FN:15,(anonymous_2188)
FN:15,(anonymous_2189)
FN:15,(anonymous_2190)
FN:15,(anonymous_2191)
FN:15,(anonymous_2192)
FN:15,(anonymous_2193)
FN:15,(anonymous_2194)
FN:15,(anonymous_2195)
FN:15,(anonymous_2196)
FN:15,(anonymous_2197)
FN:15,(anonymous_2198)
FN:15,(anonymous_2199)
FN:15,(anonymous_2200)
FN:15,(anonymous_2201)
FN:15,(anonymous_2202)
FN:15,(anonymous_2203)
FN:15,(anonymous_2204)
FN:15,(anonymous_2205)
FN:15,(anonymous_2206)
FN:15,(anonymous_2207)
FN:15,e
FN:15,(anonymous_2209)
FN:15,(anonymous_2210)
FN:15,(anonymous_2211)
FN:15,(anonymous_2212)
FN:15,(anonymous_2213)
FN:15,(anonymous_2214)
FN:15,(anonymous_2215)
FN:15,(anonymous_2216)
FN:15,(anonymous_2217)
FN:15,(anonymous_2218)
FN:15,(anonymous_2219)
FN:15,(anonymous_2220)
FN:15,(anonymous_2221)
FN:15,(anonymous_2222)
FN:15,(anonymous_2223)
FN:15,(anonymous_2224)
FN:15,(anonymous_2225)
FN:15,(anonymous_2226)
FN:15,(anonymous_2227)
FN:15,(anonymous_2228)
FN:15,(anonymous_2229)
FN:15,(anonymous_2230)
FN:15,(anonymous_2231)
FN:15,(anonymous_2232)
FN:15,(anonymous_2233)
FN:15,(anonymous_2234)
FN:15,(anonymous_2235)
FN:15,(anonymous_2236)
FN:15,(anonymous_2237)
FN:15,(anonymous_2238)
FN:15,(anonymous_2239)
FN:15,(anonymous_2240)
FN:15,(anonymous_2241)
FN:15,(anonymous_2242)
FN:15,(anonymous_2243)
FN:15,(anonymous_2244)
FN:15,(anonymous_2245)
FN:15,(anonymous_2246)
FN:15,(anonymous_2247)
FN:15,(anonymous_2248)
FN:15,(anonymous_2249)
FN:15,(anonymous_2250)
FN:15,(anonymous_2251)
FN:15,(anonymous_2252)
FN:15,(anonymous_2253)
FN:15,(anonymous_2254)
FN:15,i
FN:15,(anonymous_2256)
FN:15,(anonymous_2257)
FN:15,(anonymous_2258)
FN:15,(anonymous_2259)
FN:15,(anonymous_2260)
FN:15,(anonymous_2261)
FN:15,(anonymous_2262)
FN:15,(anonymous_2263)
FN:15,(anonymous_2264)
FN:15,(anonymous_2265)
FN:15,(anonymous_2266)
FN:15,(anonymous_2267)
FN:15,(anonymous_2268)
FN:15,(anonymous_2269)
FN:15,(anonymous_2270)
FN:15,(anonymous_2271)
FN:15,(anonymous_2272)
FN:15,(anonymous_2273)
FN:15,(anonymous_2274)
FN:15,(anonymous_2275)
FN:15,(anonymous_2276)
FN:15,(anonymous_2277)
FN:15,(anonymous_2278)
FN:15,(anonymous_2279)
FN:15,(anonymous_2280)
FN:15,(anonymous_2281)
FN:15,(anonymous_2282)
FN:15,(anonymous_2283)
FN:15,f
FN:15,m
FN:15,h
FN:15,(anonymous_2287)
FN:15,(anonymous_2288)
FN:15,p
FN:15,(anonymous_2290)
FN:15,(anonymous_2291)
FN:15,(anonymous_2292)
FN:15,y
FN:15,v
FN:15,(anonymous_2295)
FN:15,(anonymous_2296)
FN:15,(anonymous_2297)
FN:15,M
FN:15,g
FN:15,L
FN:15,(anonymous_2301)
FN:15,(anonymous_2302)
FN:15,(anonymous_2303)
FN:15,(anonymous_2304)
FN:15,(anonymous_2305)
FN:15,(anonymous_2306)
FN:15,(anonymous_2307)
FN:15,Y
FN:15,b
FN:15,(anonymous_2310)
FN:15,k
FN:15,(anonymous_2312)
FN:15,(anonymous_2313)
FN:15,(anonymous_2314)
FN:15,(anonymous_2315)
FN:15,(anonymous_2316)
FN:15,(anonymous_2317)
FN:15,(anonymous_2318)
FN:15,(anonymous_2319)
FN:15,(anonymous_2320)
FN:15,(anonymous_2321)
FN:15,(anonymous_2322)
FN:15,(anonymous_2323)
FN:15,(anonymous_2324)
FN:15,(anonymous_2325)
FN:15,(anonymous_2326)
FN:15,(anonymous_2327)
FN:15,(anonymous_2328)
FN:15,(anonymous_2329)
FN:15,(anonymous_2330)
FN:15,(anonymous_2331)
FN:15,(anonymous_2332)
FN:15,(anonymous_2333)
FN:15,(anonymous_2334)
FN:15,(anonymous_2335)
FN:15,(anonymous_2336)
FN:15,(anonymous_2337)
FN:15,(anonymous_2338)
FN:15,(anonymous_2339)
FN:15,(anonymous_2340)
FN:15,(anonymous_2341)
FN:15,(anonymous_2342)
FN:15,(anonymous_2343)
FN:15,(anonymous_2344)
FN:15,(anonymous_2345)
FN:15,(anonymous_2346)
FN:15,(anonymous_2347)
FN:15,(anonymous_2348)
FN:15,(anonymous_2349)
FN:15,(anonymous_2350)
FN:15,(anonymous_2351)
FN:15,(anonymous_2352)
FN:15,(anonymous_2353)
FN:15,(anonymous_2354)
FN:15,(anonymous_2355)
FN:15,(anonymous_2356)
FN:15,(anonymous_2357)
FN:15,(anonymous_2358)
FN:15,(anonymous_2359)
FN:15,(anonymous_2360)
FN:15,(anonymous_2361)
FN:20,(anonymous_2362)
FN:20,(anonymous_2363)
FN:20,d
FN:20,l
FN:20,c
FN:20,_
FN:20,f
FN:20,(anonymous_2369)
FN:20,m
FN:20,h
FN:20,p
FN:20,y
FN:20,v
FN:20,M
FN:20,g
FN:20,L
FN:20,(anonymous_2378)
FN:20,Y
FN:20,b
FN:20,k
FN:20,w
FN:20,D
FN:20,T
FN:20,S
FN:20,(anonymous_2386)
FN:20,(anonymous_2387)
FN:20,(anonymous_2388)
FN:20,(anonymous_2389)
FN:20,(anonymous_2390)
FN:20,(anonymous_2391)
FN:20,(anonymous_2392)
FN:20,(anonymous_2393)
FN:20,e
FN:20,(anonymous_2395)
FN:20,(anonymous_2396)
FN:20,A
FN:20,(anonymous_2398)
FN:20,H
FN:20,(anonymous_2400)
FN:20,(anonymous_2401)
FN:20,(anonymous_2402)
FN:20,(anonymous_2403)
FN:20,(anonymous_2404)
FN:20,(anonymous_2405)
FN:20,a
FN:20,i
FN:20,(anonymous_2408)
FN:20,(anonymous_2409)
FN:20,(anonymous_2410)
FN:20,(anonymous_2411)
FN:20,(anonymous_2412)
FN:20,(anonymous_2413)
FN:20,(anonymous_2414)
FN:20,t
FN:20,(anonymous_2416)
FN:20,(anonymous_2417)
FN:20,(anonymous_2418)
FN:20,(anonymous_2419)
FN:20,(anonymous_2420)
FN:20,(anonymous_2421)
FN:20,(anonymous_2422)
FN:20,(anonymous_2423)
FN:20,(anonymous_2424)
FN:20,(anonymous_2425)
FN:20,(anonymous_2426)
FN:20,(anonymous_2427)
FN:20,(anonymous_2428)
FN:20,(anonymous_2429)
FN:20,(anonymous_2430)
FN:20,(anonymous_2431)
FN:20,(anonymous_2432)
FN:24,(anonymous_2433)
FN:24,(anonymous_2434)
FN:24,(anonymous_2435)
FN:24,(anonymous_2436)
FN:24,o
FN:24,s
FN:24,u
FN:24,d
FN:24,l
FN:24,(anonymous_2442)
FN:24,(anonymous_2443)
FN:24,(anonymous_2444)
FN:24,c
FN:24,_
FN:24,(anonymous_2447)
FN:24,(anonymous_2448)
FN:24,f
FN:24,m
FN:24,h
FN:24,(anonymous_2452)
FN:24,(anonymous_2453)
FN:24,(anonymous_2454)
FN:24,(anonymous_2455)
FN:24,(anonymous_2456)
FN:24,(anonymous_2457)
FN:24,a
FN:24,(anonymous_2459)
FN:24,(anonymous_2460)
FN:24,(anonymous_2461)
FN:24,(anonymous_2462)
FN:24,(anonymous_2463)
FN:24,(anonymous_2464)
FN:24,(anonymous_2465)
FN:24,(anonymous_2466)
FN:24,(anonymous_2467)
FN:24,(anonymous_2468)
FN:24,(anonymous_2469)
FN:24,(anonymous_2470)
FN:24,(anonymous_2471)
FN:24,(anonymous_2472)
FN:24,(anonymous_2473)
FN:24,i
FN:24,(anonymous_2475)
FN:24,(anonymous_2476)
FN:24,(anonymous_2477)
FN:24,(anonymous_2478)
FN:24,(anonymous_2479)
FN:24,(anonymous_2480)
FN:24,(anonymous_2481)
FN:24,(anonymous_2482)
FN:24,(anonymous_2483)
FN:24,(anonymous_2484)
FN:24,(anonymous_2485)
FN:24,(anonymous_2486)
FN:24,(anonymous_2487)
FN:24,(anonymous_2488)
FN:24,(anonymous_2489)
FN:24,(anonymous_2490)
FN:24,(anonymous_2491)
FN:24,(anonymous_2492)
FN:24,(anonymous_2493)
FN:24,(anonymous_2494)
FN:24,(anonymous_2495)
FN:24,(anonymous_2496)
FN:24,(anonymous_2497)
FN:24,(anonymous_2498)
FN:24,f
FN:24,m
FN:24,(anonymous_2501)
FN:24,(anonymous_2502)
FN:24,i
FN:24,o
FN:24,s
FN:24,(anonymous_2506)
FN:24,_
FN:24,f
FN:24,(anonymous_2509)
FN:24,m
FN:24,h
FN:24,(anonymous_2512)
FN:24,(anonymous_2513)
FN:24,(anonymous_2514)
FN:24,(anonymous_2515)
FN:24,(anonymous_2516)
FN:24,(anonymous_2517)
FN:24,(anonymous_2518)
FN:24,(anonymous_2519)
FN:24,(anonymous_2520)
FN:24,(anonymous_2521)
FN:24,(anonymous_2522)
FN:24,m
FN:24,h
FN:24,(anonymous_2525)
FN:24,(anonymous_2526)
FN:24,(anonymous_2527)
FN:24,(anonymous_2528)
FN:24,w
FN:24,(anonymous_2530)
FN:24,(anonymous_2531)
FN:24,(anonymous_2532)
FN:24,(anonymous_2533)
FN:24,e
FN:24,(anonymous_2535)
FN:24,(anonymous_2536)
FN:24,(anonymous_2537)
FN:24,(anonymous_2538)
FN:24,(anonymous_2539)
FN:24,(anonymous_2540)
FN:24,(anonymous_2541)
FN:24,(anonymous_2542)
FN:24,(anonymous_2543)
FN:24,(anonymous_2544)
FN:24,(anonymous_2545)
FN:24,(anonymous_2546)
FN:24,(anonymous_2547)
FN:24,(anonymous_2548)
FN:24,(anonymous_2549)
FN:24,(anonymous_2550)
FN:24,e
FN:24,(anonymous_2552)
FN:24,(anonymous_2553)
FN:24,(anonymous_2554)
FN:24,(anonymous_2555)
FN:24,(anonymous_2556)
FN:24,(anonymous_2557)
FN:24,(anonymous_2558)
FN:24,(anonymous_2559)
FN:24,(anonymous_2560)
FN:24,(anonymous_2561)
FN:24,(anonymous_2562)
FN:24,(anonymous_2563)
FN:24,(anonymous_2564)
FN:24,(anonymous_2565)
FN:24,(anonymous_2566)
FN:24,(anonymous_2567)
FN:24,(anonymous_2568)
FN:24,(anonymous_2569)
FN:24,(anonymous_2570)
FN:24,(anonymous_2571)
FN:24,(anonymous_2572)
FN:24,(anonymous_2573)
FN:24,(anonymous_2574)
FN:24,(anonymous_2575)
FN:24,(anonymous_2576)
FN:24,(anonymous_2577)
FN:24,(anonymous_2578)
FN:24,e
FN:24,(anonymous_2580)
FN:24,(anonymous_2581)
FN:24,(anonymous_2582)
FN:24,(anonymous_2583)
FN:24,(anonymous_2584)
FN:24,(anonymous_2585)
FN:24,(anonymous_2586)
FN:24,p
FN:24,y
FN:24,(anonymous_2589)
FN:24,(anonymous_2590)
FN:24,(anonymous_2591)
FN:24,(anonymous_2592)
FN:24,(anonymous_2593)
FN:24,v
FN:24,(anonymous_2595)
FN:24,M
FN:24,(anonymous_2597)
FN:24,g
FN:24,(anonymous_2599)
FN:24,(anonymous_2600)
FN:24,(anonymous_2601)
FN:24,(anonymous_2602)
FN:24,L
FN:24,Y
FN:24,(anonymous_2605)
FN:24,(anonymous_2606)
FN:24,(anonymous_2607)
FN:24,(anonymous_2608)
FN:24,(anonymous_2609)
FN:24,(anonymous_2610)
FN:24,(anonymous_2611)
FN:24,(anonymous_2612)
FN:24,(anonymous_2613)
FN:24,(anonymous_2614)
FN:24,(anonymous_2615)
FN:24,(anonymous_2616)
FN:24,(anonymous_2617)
FN:24,(anonymous_2618)
FN:24,(anonymous_2619)
FN:24,(anonymous_2620)
FN:24,(anonymous_2621)
FN:24,(anonymous_2622)
FN:24,(anonymous_2623)
FN:24,a
FN:24,(anonymous_2625)
FN:24,(anonymous_2626)
FN:24,(anonymous_2627)
FN:24,(anonymous_2628)
FN:24,u
FN:24,(anonymous_2630)
FN:24,(anonymous_2631)
FN:24,(anonymous_2632)
FN:24,(anonymous_2633)
FN:24,(anonymous_2634)
FN:24,(anonymous_2635)
FN:24,(anonymous_2636)
FN:24,(anonymous_2637)
FN:24,(anonymous_2638)
FN:24,(anonymous_2639)
FN:24,(anonymous_2640)
FN:24,(anonymous_2641)
FN:24,(anonymous_2642)
FN:24,(anonymous_2643)
FN:24,(anonymous_2644)
FN:24,(anonymous_2645)
FN:24,(anonymous_2646)
FN:24,(anonymous_2647)
FN:24,(anonymous_2648)
FN:24,(anonymous_2649)
FN:24,(anonymous_2650)
FN:24,(anonymous_2651)
FN:24,(anonymous_2652)
FN:24,(anonymous_2653)
FN:24,(anonymous_2654)
FN:24,(anonymous_2655)
FN:24,(anonymous_2656)
FN:24,(anonymous_2657)
FN:24,(anonymous_2658)
FN:24,(anonymous_2659)
FN:24,(anonymous_2660)
FN:24,(anonymous_2661)
FN:24,(anonymous_2662)
FN:24,(anonymous_2663)
FN:24,(anonymous_2664)
FN:24,(anonymous_2665)
FN:24,(anonymous_2666)
FN:24,(anonymous_2667)
FN:24,(anonymous_2668)
FN:24,(anonymous_2669)
FN:24,(anonymous_2670)
FN:24,(anonymous_2671)
FN:24,(anonymous_2672)
FN:24,(anonymous_2673)
FN:24,(anonymous_2674)
FN:24,(anonymous_2675)
FN:24,(anonymous_2676)
FN:24,(anonymous_2677)
FN:24,(anonymous_2678)
FN:24,(anonymous_2679)
FN:24,(anonymous_2680)
FN:24,(anonymous_2681)
FN:24,(anonymous_2682)
FN:24,(anonymous_2683)
FN:24,(anonymous_2684)
FN:24,(anonymous_2685)
FN:24,e
FN:24,(anonymous_2687)
FN:24,(anonymous_2688)
FN:24,(anonymous_2689)
FN:24,(anonymous_2690)
FN:24,d
FN:24,(anonymous_2692)
FN:24,(anonymous_2693)
FN:24,(anonymous_2694)
FN:24,(anonymous_2695)
FN:24,(anonymous_2696)
FN:24,(anonymous_2697)
FN:24,(anonymous_2698)
FN:24,(anonymous_2699)
[...]
BRDA:24,4009,1,0
BRDA:24,4010,0,0
BRDA:24,4010,1,0
BRDA:24,4011,0,0
BRDA:24,4011,1,0
BRDA:24,4012,0,0
BRDA:24,4012,1,0
BRDA:24,4013,0,0
BRDA:24,4013,1,0
BRDA:24,4014,0,0
BRDA:24,4014,1,0
BRDA:24,4015,0,0
BRDA:24,4015,1,0
BRDA:24,4016,0,0
BRDA:24,4016,1,0
BRDA:24,4017,0,0
BRDA:24,4017,1,0
BRDA:24,4018,0,0
BRDA:24,4018,1,0
BRDA:24,4019,0,0
BRDA:24,4019,1,0
BRDA:24,4020,0,0
BRDA:24,4020,1,0
BRDA:24,4021,0,0
BRDA:24,4021,1,0
BRDA:24,4022,0,0
BRDA:24,4022,1,0
BRDA:24,4022,2,0
BRDA:24,4022,3,0
BRDA:24,4022,4,0
BRDA:24,4022,5,0
BRDA:24,4022,6,0
BRDA:24,4022,7,0
BRDA:24,4022,8,0
BRDA:24,4023,0,0
BRDA:24,4023,1,0
BRDA:24,4024,0,0
BRDA:24,4024,1,0
BRDA:24,4025,0,0
BRDA:24,4025,1,0
BRDA:24,4025,2,0
BRDA:24,4025,3,0
BRDA:24,4026,0,0
BRDA:24,4026,1,0
BRDA:24,4027,0,0
BRDA:24,4027,1,0
BRDA:24,4028,0,0
BRDA:24,4028,1,0
BRDA:24,4029,0,0
BRDA:24,4029,1,0
BRDA:24,4030,0,0
BRDA:24,4030,1,0
BRDA:24,4030,2,0
BRDA:24,4031,0,0
BRDA:24,4031,1,0
BRDA:24,4032,0,0
BRDA:24,4032,1,0
BRDA:24,4033,0,0
BRDA:24,4033,1,0
BRDA:24,4034,0,0
BRDA:24,4034,1,0
BRDA:24,4034,2,0
BRDA:24,4035,0,0
BRDA:24,4035,1,0
BRDA:24,4036,0,0
BRDA:24,4036,1,0
BRDA:24,4037,0,0
BRDA:24,4037,1,0
BRDA:24,4037,2,0
BRDA:24,4037,3,0
BRDA:24,4038,0,0
BRDA:24,4038,1,0
BRDA:24,4038,2,0
BRDA:24,4038,3,0
BRDA:24,4038,4,0
BRDA:24,4038,5,0
BRDA:24,4039,0,0
BRDA:24,4039,1,0
BRDA:24,4040,0,0
BRDA:24,4040,1,0
BRDA:24,4040,2,0
BRDA:24,4041,0,0
BRDA:24,4041,1,0
BRDA:24,4042,0,0
BRDA:24,4042,1,0
BRDA:24,4043,0,0
BRDA:24,4043,1,0
BRDA:24,4043,2,0
BRDA:24,4043,3,0
BRDA:24,4043,4,0
BRDA:24,4044,0,0
BRDA:24,4044,1,0
BRDA:24,4045,0,0
BRDA:24,4045,1,0
BRDA:24,4046,0,0
BRDA:24,4046,1,0
BRDA:24,4047,0,0
BRDA:24,4047,1,0
BRDA:24,4048,0,0
BRDA:24,4048,1,0
BRDA:24,4049,0,0
BRDA:24,4049,1,0
BRDA:24,4050,0,0
BRDA:24,4050,1,0
BRDA:24,4051,0,0
BRDA:24,4051,1,0
BRDA:24,4052,0,0
BRDA:24,4052,1,0
BRDA:24,4053,0,0
BRDA:24,4053,1,0
BRDA:24,4053,2,0
BRDA:24,4053,3,0
BRDA:24,4053,4,0
BRDA:24,4053,5,0
BRDA:24,4054,0,0
BRDA:24,4054,1,0
BRDA:24,4055,0,0
BRDA:24,4055,1,0
BRDA:24,4056,0,0
BRDA:24,4056,1,0
BRDA:24,4057,0,0
BRDA:24,4057,1,0
BRDA:24,4058,0,0
BRDA:24,4058,1,0
BRDA:24,4059,0,0
BRDA:24,4059,1,0
BRDA:24,4059,2,0
BRDA:24,4060,0,0
BRDA:24,4060,1,0
BRDA:24,4061,0,0
BRDA:24,4061,1,0
BRDA:24,4062,0,0
BRDA:24,4062,1,0
BRDA:24,4062,2,0
BRDA:24,4062,3,0
BRDA:24,4062,4,0
BRDA:24,4062,5,0
BRDA:24,4063,0,0
BRDA:24,4063,1,0
BRDA:24,4064,0,0
BRDA:24,4064,1,0
BRDA:24,4065,0,0
BRDA:24,4065,1,0
BRDA:24,4066,0,0
BRDA:24,4066,1,0
BRDA:24,4067,0,0
BRDA:24,4067,1,0
BRDA:24,4068,0,0
BRDA:24,4068,1,0
BRDA:24,4069,0,0
BRDA:24,4069,1,0
BRDA:24,4070,0,0
BRDA:24,4070,1,0
BRDA:24,4071,0,0
BRDA:24,4071,1,0
BRDA:24,4072,0,0
BRDA:24,4072,1,0
BRDA:24,4073,0,0
BRDA:24,4073,1,0
BRDA:24,4074,0,0
BRDA:24,4074,1,0
BRDA:24,4075,0,0
BRDA:24,4075,1,0
BRDA:24,4076,0,0
BRDA:24,4076,1,0
BRDA:24,4077,0,0
BRDA:24,4077,1,0
BRDA:24,4078,0,0
BRDA:24,4078,1,0
BRDA:24,4079,0,0
BRDA:24,4079,1,0
BRDA:24,4080,0,0
BRDA:24,4080,1,0
BRDA:24,4081,0,0
BRDA:24,4081,1,0
BRDA:24,4082,0,0
BRDA:24,4082,1,0
BRDA:24,4083,0,0
BRDA:24,4083,1,0
BRDA:24,4084,0,0
BRDA:24,4084,1,0
BRDA:24,4084,2,0
BRDA:24,4085,0,0
BRDA:24,4085,1,0
BRDA:24,4086,0,0
BRDA:24,4086,1,0
BRDA:24,4086,2,0
BRDA:24,4086,3,0
BRDA:24,4086,4,0
BRDA:24,4087,0,0
BRDA:24,4087,1,0
BRDA:24,4088,0,0
BRDA:24,4088,1,0
BRDA:24,4089,0,0
BRDA:24,4089,1,0
BRDA:24,4090,0,0
BRDA:24,4090,1,0
BRDA:24,4090,2,0
BRDA:24,4091,0,0
BRDA:24,4091,1,0
BRDA:24,4092,0,0
BRDA:24,4092,1,0
BRDA:24,4092,2,0
BRDA:24,4092,3,0
BRDA:24,4093,0,0
BRDA:24,4093,1,0
BRDA:24,4094,0,0
BRDA:24,4094,1,0
BRDA:24,4095,0,0
BRDA:24,4095,1,0
BRDA:24,4096,0,0
BRDA:24,4096,1,0
BRDA:24,4097,0,0
BRDA:24,4097,1,0
BRDA:24,4098,0,0
BRDA:24,4098,1,0
BRDA:24,4099,0,0
BRDA:24,4099,1,0
BRDA:24,4100,0,0
BRDA:24,4100,1,0
BRDA:24,4101,0,0
BRDA:24,4101,1,0
BRDA:24,4102,0,0
BRDA:24,4102,1,0
BRDA:24,4103,0,0
BRDA:24,4103,1,0
BRDA:24,4104,0,0
BRDA:24,4104,1,0
BRDA:24,4105,0,0
BRDA:24,4105,1,0
BRDA:24,4106,0,0
BRDA:24,4106,1,0
BRDA:24,4107,0,0
BRDA:24,4107,1,0
BRDA:24,4107,2,0
BRDA:24,4107,3,0
BRDA:24,4107,4,0
BRDA:24,4107,5,0
BRDA:24,4108,0,0
BRDA:24,4108,1,0
BRDA:24,4109,0,0
BRDA:24,4109,1,0
BRDA:24,4109,2,0
BRDA:24,4110,0,0
BRDA:24,4110,1,0
BRDA:24,4111,0,0
BRDA:24,4111,1,0
BRDA:24,4111,2,0
BRDA:24,4112,0,0
BRDA:24,4112,1,0
BRDA:24,4113,0,0
BRDA:24,4113,1,0
BRDA:24,4114,0,0
BRDA:24,4114,1,0
BRDA:24,4114,2,0
BRDA:24,4114,3,0
BRDA:24,4114,4,0
BRDA:24,4115,0,0
BRDA:24,4115,1,0
BRDA:24,4116,0,0
BRDA:24,4116,1,0
BRDA:24,4117,0,0
BRDA:24,4117,1,0
BRDA:24,4118,0,0
BRDA:24,4118,1,0
BRDA:24,4119,0,0
BRDA:24,4119,1,0
BRDA:24,4120,0,0
BRDA:24,4120,1,0
BRDA:24,4120,2,0
BRDA:24,4121,0,0
BRDA:24,4121,1,0
BRDA:24,4121,2,0
BRDA:24,4121,3,0
BRDA:24,4121,4,0
BRDA:24,4121,5,0
BRDA:24,4122,0,0
BRDA:24,4122,1,0
BRDA:24,4123,0,0
BRDA:24,4123,1,0
BRDA:24,4124,0,0
BRDA:24,4124,1,0
BRDA:24,4125,0,0
BRDA:24,4125,1,0
BRDA:24,4126,0,0
BRDA:24,4126,1,0
BRDA:24,4127,0,0
BRDA:24,4127,1,0
BRDA:24,4128,0,0
BRDA:24,4128,1,0
BRDA:24,4129,0,0
BRDA:24,4129,1,0
BRDA:24,4130,0,0
BRDA:24,4130,1,0
BRDA:24,4131,0,0
BRDA:24,4131,1,0
BRDA:24,4132,0,0
BRDA:24,4132,1,0
BRDA:24,4133,0,0
BRDA:24,4133,1,0
BRDA:24,4134,0,0
BRDA:24,4134,1,0
BRDA:24,4135,0,0
BRDA:24,4135,1,0
BRDA:24,4136,0,0
BRDA:24,4136,1,0
BRDA:24,4137,0,0
BRDA:24,4137,1,0
BRDA:24,4138,0,0
BRDA:24,4138,1,0
BRDA:24,4139,0,0
BRDA:24,4139,1,0
BRDA:24,4140,0,0
BRDA:24,4140,1,0
BRDA:24,4140,2,0
BRDA:24,4140,3,0
BRDA:24,4140,4,0
BRDA:24,4140,5,0
BRDA:24,4141,0,0
BRDA:24,4141,1,0
BRDA:24,4142,0,0
BRDA:24,4142,1,0
BRDA:24,4142,2,0
BRDA:24,4142,3,0
BRDA:24,4143,0,0
BRDA:24,4143,1,0
BRDA:24,4144,0,0
BRDA:24,4144,1,0
BRDA:24,4145,0,0
BRDA:24,4145,1,0
BRDA:24,4146,0,0
BRDA:24,4146,1,0
BRDA:24,4147,0,0
BRDA:24,4147,1,0
BRDA:24,4148,0,0
BRDA:24,4148,1,0
BRDA:24,4149,0,0
BRDA:24,4149,1,0
BRDA:24,4150,0,0
BRDA:24,4150,1,0
BRDA:24,4151,0,0
BRDA:24,4151,1,0
BRDA:24,4152,0,0
BRDA:24,4152,1,0
BRDA:24,4153,0,0
BRDA:24,4153,1,0
BRDA:24,4154,0,0
BRDA:24,4154,1,0
BRDA:24,4155,0,0
BRDA:24,4155,1,0
BRDA:24,4156,0,0
BRDA:24,4156,1,0
BRDA:24,4157,0,0
BRDA:24,4157,1,0
BRDA:24,4158,0,0
BRDA:24,4158,1,0
BRDA:24,4159,0,0
BRDA:24,4159,1,0
BRDA:24,4160,0,0
BRDA:24,4160,1,0
BRDA:24,4160,2,0
BRDA:24,4161,0,0
BRDA:24,4161,1,0
BRDA:24,4161,2,0
BRDA:24,4162,0,0
BRDA:24,4162,1,0
BRDA:24,4162,2,0
BRDA:24,4163,0,0
BRDA:24,4163,1,0
BRDA:24,4164,0,0
BRDA:24,4164,1,0
BRDA:24,4165,0,0
BRDA:24,4165,1,0
BRDA:24,4166,0,0
BRDA:24,4166,1,0
BRDA:24,4167,0,0
BRDA:24,4167,1,0
BRDA:24,4168,0,0
BRDA:24,4168,1,0
BRDA:24,4169,0,0
BRDA:24,4169,1,0
BRDA:24,4170,0,0
BRDA:24,4170,1,0
BRDA:24,4171,0,0
BRDA:24,4171,1,0
BRDA:24,4172,0,0
BRDA:24,4172,1,0
BRDA:24,4173,0,0
BRDA:24,4173,1,0
BRDA:24,4174,0,0
BRDA:24,4174,1,0
BRDA:24,4175,0,0
BRDA:24,4175,1,0
BRDA:24,4176,0,0
BRDA:24,4176,1,0
BRDA:24,4177,0,0
BRDA:24,4177,1,0
BRDA:24,4178,0,0
BRDA:24,4178,1,0
BRDA:24,4179,0,0
BRDA:24,4179,1,0
BRDA:24,4180,0,0
BRDA:24,4180,1,0
BRDA:24,4180,2,0
BRDA:24,4180,3,0
BRDA:24,4180,4,0
BRDA:24,4181,0,0
BRDA:24,4181,1,0
BRDA:24,4181,2,0
BRDA:24,4181,3,0
BRDA:24,4181,4,0
BRDA:24,4182,0,0
BRDA:24,4182,1,0
BRDA:24,4183,0,0
BRDA:24,4183,1,0
BRDA:24,4184,0,0
BRDA:24,4184,1,0
BRDA:24,4185,0,0
BRDA:24,4185,1,0
BRDA:24,4186,0,0
BRDA:24,4186,1,0
BRDA:24,4187,0,0
BRDA:24,4187,1,0
BRDA:24,4188,0,0
BRDA:24,4188,1,0
BRDA:24,4189,0,0
BRDA:24,4189,1,0
BRDA:24,4190,0,0
BRDA:24,4190,1,0
BRDA:24,4190,2,0
BRDA:24,4191,0,0
BRDA:24,4191,1,0
BRDA:24,4192,0,0
BRDA:24,4192,1,0
BRDA:24,4193,0,0
BRDA:24,4193,1,0
BRDA:24,4194,0,0
BRDA:24,4194,1,0
BRDA:24,4195,0,0
BRDA:24,4195,1,0
BRDA:24,4196,0,0
BRDA:24,4196,1,0
BRDA:24,4197,0,0
BRDA:24,4197,1,0
BRDA:24,4198,0,0
BRDA:24,4198,1,0
BRDA:24,4199,0,0
BRDA:24,4199,1,0
BRDA:24,4200,0,0
BRDA:24,4200,1,0
BRDA:24,4201,0,0
BRDA:24,4201,1,0
BRDA:24,4202,0,0
BRDA:24,4202,1,0
BRDA:24,4202,2,0
BRDA:24,4202,3,0
BRDA:24,4203,0,0
BRDA:24,4203,1,0
BRDA:24,4204,0,0
BRDA:24,4204,1,0
BRDA:24,4205,0,0
BRDA:24,4205,1,0
BRDA:24,4206,0,0
BRDA:24,4206,1,0
BRDA:24,4207,0,0
BRDA:24,4207,1,0
BRDA:24,4208,0,0
BRDA:24,4208,1,0
BRDA:24,4209,0,0
BRDA:24,4209,1,0
BRDA:24,4210,0,0
BRDA:24,4210,1,0
BRDA:24,4211,0,0
BRDA:24,4211,1,0
BRDA:24,4212,0,0
BRDA:24,4212,1,0
BRDA:24,4213,0,0
BRDA:24,4213,1,0
BRDA:24,4214,0,0
BRDA:24,4214,1,0
BRDA:24,4215,0,0
BRDA:24,4215,1,0
BRDA:24,4216,0,0
BRDA:24,4216,1,0
BRDA:24,4217,0,0
BRDA:24,4217,1,0
BRDA:24,4218,0,0
BRDA:24,4218,1,0
BRDA:24,4219,0,0
BRDA:24,4219,1,0
BRDA:24,4220,0,0
BRDA:24,4220,1,0
BRDA:24,4220,2,0
BRDA:24,4220,3,0
BRDA:24,4221,0,0
BRDA:24,4221,1,0
BRDA:24,4222,0,0
BRDA:24,4222,1,0
BRDA:24,4223,0,0
BRDA:24,4223,1,0
BRDA:24,4224,0,0
BRDA:24,4224,1,0
BRDA:24,4225,0,0
BRDA:24,4225,1,0
BRDA:24,4226,0,0
BRDA:24,4226,1,0
BRDA:24,4227,0,0
BRDA:24,4227,1,0
BRDA:24,4228,0,0
BRDA:24,4228,1,0
BRDA:24,4229,0,0
BRDA:24,4229,1,0
BRDA:24,4230,0,0
BRDA:24,4230,1,0
BRDA:24,4231,0,0
BRDA:24,4231,1,0
BRDA:24,4232,0,0
BRDA:24,4232,1,0
BRDA:24,4233,0,0
BRDA:24,4233,1,0
BRDA:24,4234,0,0
BRDA:24,4234,1,0
BRDA:24,4235,0,0
BRDA:24,4235,1,0
BRDA:24,4236,0,0
BRDA:24,4236,1,0
BRDA:24,4237,0,0
BRDA:24,4237,1,0
BRDA:24,4237,2,0
BRDA:24,4237,3,0
BRDA:24,4237,4,0
BRDA:24,4238,0,0
BRDA:24,4238,1,0
BRDA:24,4239,0,0
BRDA:24,4239,1,0
BRDA:24,4240,0,0
BRDA:24,4240,1,0
BRDA:24,4241,0,0
BRDA:24,4241,1,0
BRDA:24,4242,0,0
BRDA:24,4242,1,0
BRDA:24,4243,0,0
BRDA:24,4243,1,0
BRDA:24,4244,0,0
BRDA:24,4244,1,0
BRDA:24,4245,0,0
BRDA:24,4245,1,0
BRDA:24,4246,0,0
BRDA:24,4246,1,0
BRDA:24,4247,0,0
BRDA:24,4247,1,0
BRDA:24,4248,0,0
BRDA:24,4248,1,0
BRDA:24,4249,0,0
BRDA:24,4249,1,0
BRDA:24,4249,2,0
BRDA:24,4249,3,0
BRDA:24,4250,0,0
BRDA:24,4250,1,0
BRDA:24,4251,0,0
BRDA:24,4251,1,0
BRDA:24,4252,0,0
BRDA:24,4252,1,0
BRDA:24,4253,0,0
BRDA:24,4253,1,0
BRDA:24,4254,0,0
BRDA:24,4254,1,0
BRDA:24,4255,0,0
BRDA:24,4255,1,0
BRDA:24,4256,0,0
BRDA:24,4256,1,0
BRDA:24,4257,0,0
BRDA:24,4257,1,0
BRDA:24,4258,0,0
BRDA:24,4258,1,0
BRDA:24,4259,0,0
BRDA:24,4259,1,0
BRDA:24,4260,0,0
BRDA:24,4260,1,0
BRDA:24,4261,0,0
BRDA:24,4261,1,0
BRDA:24,4262,0,0
BRDA:24,4262,1,0
BRDA:24,4263,0,0
BRDA:24,4263,1,0
BRDA:24,4264,0,0
BRDA:24,4264,1,0
BRDA:24,4265,0,0
BRDA:24,4265,1,0
BRDA:24,4266,0,0
BRDA:24,4266,1,0
BRDA:24,4267,0,0
BRDA:24,4267,1,0
BRDA:24,4268,0,0
BRDA:24,4268,1,0
BRDA:24,4269,0,0
BRDA:24,4269,1,0
BRDA:24,4270,0,0
BRDA:24,4270,1,0
BRDA:24,4271,0,0
BRDA:24,4271,1,0
BRDA:24,4272,0,0
BRDA:24,4272,1,0
BRDA:24,4273,0,0
BRDA:24,4273,1,0
BRDA:24,4274,0,0
BRDA:24,4274,1,0
BRDA:24,4274,2,0
BRDA:24,4275,0,0
BRDA:24,4275,1,0
BRDA:24,4276,0,0
BRDA:24,4276,1,0
BRDA:24,4276,2,0
BRDA:24,4277,0,0
BRDA:24,4277,1,0
BRDA:24,4278,0,0
BRDA:24,4278,1,0
BRDA:24,4279,0,0
BRDA:24,4279,1,0
BRDA:24,4279,2,0
BRDA:24,4279,3,0
BRDA:24,4280,0,0
BRDA:24,4280,1,0
BRDA:24,4281,0,0
BRDA:24,4281,1,0
BRDA:24,4281,2,0
BRDA:24,4282,0,0
BRDA:24,4282,1,0
BRDA:24,4282,2,0
BRDA:24,4282,3,0
BRDA:24,4282,4,0
BRDA:24,4283,0,0
BRDA:24,4283,1,0
BRDA:24,4284,0,0
BRDA:24,4284,1,0
BRDA:24,4285,0,0
BRDA:24,4285,1,0
BRDA:24,4286,0,0
BRDA:24,4286,1,0
BRDA:24,4287,0,0
BRDA:24,4287,1,0
BRDA:24,4288,0,0
BRDA:24,4288,1,0
BRDA:24,4289,0,0
BRDA:24,4289,1,0
BRDA:24,4290,0,0
BRDA:24,4290,1,0
BRDA:24,4291,0,0
BRDA:24,4291,1,0
BRDA:24,4291,2,0
BRDA:24,4291,3,0
BRDA:24,4292,0,0
BRDA:24,4292,1,0
BRDA:24,4292,2,0
BRDA:24,4292,3,0
BRDA:24,4292,4,0
BRDA:24,4292,5,0
BRDA:24,4292,6,0
BRDA:24,4292,7,0
BRDA:24,4292,8,0
BRDA:24,4292,9,0
BRDA:24,4292,10,0
BRDA:24,4292,11,0
BRDA:24,4292,12,0
BRDA:24,4292,13,0
BRDA:24,4292,14,0
BRDA:24,4292,15,0
BRDA:24,4292,16,0
BRDA:24,4292,17,0
BRDA:24,4292,18,0
BRDA:24,4293,0,0
BRDA:24,4293,1,0
BRDA:24,4294,0,0
BRDA:24,4294,1,0
BRDA:24,4295,0,0
BRDA:24,4295,1,0
BRDA:24,4296,0,0
BRDA:24,4296,1,0
BRDA:24,4297,0,0
BRDA:24,4297,1,0
BRDA:24,4298,0,0
BRDA:24,4298,1,0
BRDA:24,4299,0,0
BRDA:24,4299,1,0
BRDA:24,4300,0,0
BRDA:24,4300,1,0
BRDA:24,4301,0,0
BRDA:24,4301,1,0
BRDA:24,4302,0,0
BRDA:24,4302,1,0
BRDA:24,4303,0,0
BRDA:24,4303,1,0
BRDA:24,4304,0,0
BRDA:24,4304,1,0
BRDA:24,4305,0,0
BRDA:24,4305,1,0
BRDA:24,4306,0,0
BRDA:24,4306,1,0
BRDA:24,4307,0,0
BRDA:24,4307,1,0
BRDA:24,4308,0,0
BRDA:24,4308,1,0
BRDA:24,4309,0,0
BRDA:24,4309,1,0
BRDA:24,4310,0,0
BRDA:24,4310,1,0
BRDA:24,4311,0,0
BRDA:24,4311,1,0
BRDA:24,4312,0,0
BRDA:24,4312,1,0
BRDA:24,4313,0,0
BRDA:24,4313,1,0
BRDA:24,4313,2,0
BRDA:24,4313,3,0
BRDA:24,4314,0,0
BRDA:24,4314,1,0
BRDA:24,4315,0,0
BRDA:24,4315,1,0
BRDA:24,4315,2,0
BRDA:24,4316,0,0
BRDA:24,4316,1,0
BRDA:24,4317,0,0
BRDA:24,4317,1,0
BRDA:24,4318,0,0
BRDA:24,4318,1,0
BRDA:24,4319,0,0
BRDA:24,4319,1,0
BRDA:24,4320,0,0
BRDA:24,4320,1,0
BRDA:24,4320,2,0
BRDA:24,4321,0,0
BRDA:24,4321,1,0
BRDA:24,4322,0,0
BRDA:24,4322,1,0
BRDA:24,4323,0,0
BRDA:24,4323,1,0
BRDA:24,4324,0,0
BRDA:24,4324,1,0
BRDA:24,4325,0,0
BRDA:24,4325,1,0
BRDA:24,4326,0,0
BRDA:24,4326,1,0
BRDA:24,4327,0,0
BRDA:24,4327,1,0
BRDA:24,4328,0,0
BRDA:24,4328,1,0
BRDA:24,4329,0,0
BRDA:24,4329,1,0
BRDA:24,4330,0,0
BRDA:24,4330,1,0
BRDA:24,4331,0,0
BRDA:24,4331,1,0
BRDA:24,4332,0,0
BRDA:24,4332,1,0
BRDA:24,4333,0,0
BRDA:24,4333,1,0
BRDA:24,4334,0,0
BRDA:24,4334,1,0
BRDA:24,4335,0,0
BRDA:24,4335,1,0
BRDA:24,4336,0,0
BRDA:24,4336,1,0
BRDA:24,4337,0,0
BRDA:24,4337,1,0
BRDA:24,4338,0,0
BRDA:24,4338,1,0
BRDA:24,4339,0,0
BRDA:24,4339,1,0
BRDA:24,4340,0,0
BRDA:24,4340,1,0
BRDA:24,4341,0,0
BRDA:24,4341,1,0
BRDA:24,4342,0,0
BRDA:24,4342,1,0
BRDA:24,4343,0,0
BRDA:24,4343,1,0
BRDA:24,4344,0,0
BRDA:24,4344,1,0
BRDA:24,4345,0,0
BRDA:24,4345,1,0
BRDA:24,4346,0,0
BRDA:24,4346,1,0
BRDA:24,4347,0,0
BRDA:24,4347,1,0
BRDA:24,4348,0,0
BRDA:24,4348,1,0
BRDA:24,4348,2,0
BRDA:24,4349,0,0
BRDA:24,4349,1,0
BRDA:24,4350,0,0
BRDA:24,4350,1,0
BRDA:24,4351,0,0
BRDA:24,4351,1,0
BRDA:24,4352,0,0
BRDA:24,4352,1,0
BRDA:24,4353,0,0
BRDA:24,4353,1,0
BRDA:24,4354,0,0
BRDA:24,4354,1,0
BRDA:24,4355,0,0
BRDA:24,4355,1,0
BRDA:24,4356,0,0
BRDA:24,4356,1,0
BRDA:24,4357,0,0
BRDA:24,4357,1,0
BRDA:24,4357,2,0
BRDA:24,4358,0,0
BRDA:24,4358,1,0
BRDA:24,4359,0,0
BRDA:24,4359,1,0
BRDA:30,4360,0,0
BRDA:30,4360,1,0
BRDA:30,4361,0,0
BRDA:30,4361,1,0
BRDA:30,4362,0,0
BRDA:30,4362,1,0
BRDA:30,4363,0,0
BRDA:30,4363,1,0
BRDA:30,4364,0,0
BRDA:30,4364,1,0
BRDA:30,4365,0,0
BRDA:30,4365,1,0
BRDA:30,4366,0,0
BRDA:30,4366,1,0
BRDA:30,4367,0,0
BRDA:30,4367,1,0
BRDA:30,4368,0,0
BRDA:30,4368,1,0
BRDA:30,4369,0,0
BRDA:30,4369,1,0
BRDA:30,4370,0,0
BRDA:30,4370,1,0
BRDA:30,4371,0,0
BRDA:30,4371,1,0
BRDA:30,4372,0,0
BRDA:30,4372,1,0
BRDA:30,4373,0,0
BRDA:30,4373,1,0
BRDA:30,4373,2,0
BRDA:30,4373,3,0
BRDA:30,4374,0,0
BRDA:30,4374,1,0
BRDA:30,4375,0,0
BRDA:30,4375,1,0
BRDA:30,4376,0,0
BRDA:30,4376,1,0
BRDA:30,4377,0,0
BRDA:30,4377,1,0
BRDA:30,4378,0,0
BRDA:30,4378,1,0
BRDA:30,4378,2,0
BRDA:30,4378,3,0
BRDA:30,4379,0,0
BRDA:30,4379,1,0
BRDA:30,4380,0,0
BRDA:30,4380,1,0
BRDA:30,4381,0,0
BRDA:30,4381,1,0
BRDA:30,4382,0,0
BRDA:30,4382,1,0
BRDA:30,4383,0,0
BRDA:30,4383,1,0
BRDA:30,4383,2,0
BRDA:30,4384,0,0
BRDA:30,4384,1,0
BRDA:30,4385,0,0
BRDA:30,4385,1,0
BRDA:30,4386,0,0
BRDA:30,4386,1,0
BRDA:30,4387,0,0
BRDA:30,4387,1,0
BRDA:30,4387,2,0
BRDA:30,4387,3,0
BRDA:30,4388,0,0
BRDA:30,4388,1,0
BRDA:30,4389,0,0
BRDA:30,4389,1,0
BRDA:30,4390,0,0
BRDA:30,4390,1,0
BRDA:30,4391,0,0
BRDA:30,4391,1,0
BRDA:30,4392,0,0
BRDA:30,4392,1,0
BRDA:30,4393,0,0
BRDA:30,4393,1,0
BRDA:30,4394,0,0
BRDA:30,4394,1,0
BRDA:30,4395,0,0
BRDA:30,4395,1,0
BRDA:30,4396,0,0
BRDA:30,4396,1,0
BRDA:30,4397,0,0
BRDA:30,4397,1,0
BRDA:30,4398,0,0
BRDA:30,4398,1,0
BRDA:30,4399,0,0
BRDA:30,4399,1,0
BRDA:30,4400,0,0
BRDA:30,4400,1,0
BRDA:30,4401,0,0
BRDA:30,4401,1,0
BRDA:30,4402,0,0
BRDA:30,4402,1,0
BRDA:30,4403,0,0
BRDA:30,4403,1,0
BRDA:30,4404,0,0
BRDA:30,4404,1,0
BRDA:30,4405,0,0
BRDA:30,4405,1,0
BRDA:30,4406,0,0
BRDA:30,4406,1,0
BRDA:30,4407,0,0
BRDA:30,4407,1,0
BRDA:30,4408,0,0
BRDA:30,4408,1,0
BRDA:30,4409,0,0
BRDA:30,4409,1,0
BRDA:30,4410,0,0
BRDA:30,4410,1,0
BRDA:30,4411,0,0
BRDA:30,4411,1,0
BRDA:30,4412,0,0
BRDA:30,4412,1,0
BRDA:30,4413,0,0
BRDA:30,4413,1,0
BRDA:30,4414,0,0
BRDA:30,4414,1,0
BRDA:30,4415,0,0
BRDA:30,4415,1,0
BRDA:30,4416,0,0
BRDA:30,4416,1,0
BRDA:30,4417,0,0
BRDA:30,4417,1,0
BRDA:30,4417,2,0
BRDA:30,4418,0,0
BRDA:30,4418,1,0
BRDA:30,4418,2,0
BRDA:30,4418,3,0
BRDA:30,4419,0,0
BRDA:30,4419,1,0
BRDA:30,4420,0,0
BRDA:30,4420,1,0
BRDA:30,4421,0,0
BRDA:30,4421,1,0
BRDA:30,4421,2,0
BRDA:30,4421,3,0
BRDA:30,4422,0,0
BRDA:30,4422,1,0
BRDA:30,4423,0,0
BRDA:30,4423,1,0
BRDA:30,4424,0,0
BRDA:30,4424,1,0
BRDA:30,4425,0,0
BRDA:30,4425,1,0
BRDA:30,4426,0,0
BRDA:30,4426,1,0
BRDA:30,4427,0,0
BRDA:30,4427,1,0
BRDA:30,4428,0,0
BRDA:30,4428,1,0
BRDA:30,4429,0,0
BRDA:30,4429,1,0
BRF:10064
BRH:0
end_of_record
TN:
SF:lib/index.js
FNF:0
FNH:0
LF:0
LH:0
BRF:0
BRH:0
end_of_record
TN:
SF:lib/use.js
FNF:0
FNH:0
DA:3,0
LF:1
LH:0
BRF:0
BRH:0
end_of_record
TN:
SF:lib/components/index.js
FNF:0
FNH:0
LF:0
LH:0
BRF:0
BRH:0
end_of_record
TN:
SF:lib/components/CheckMatrix/CheckMatrix.form.js
FN:1,(anonymous_0)
FN:10,(anonymous_1)
FNF:2
FNH:0
FNDA:0,(anonymous_0)
FNDA:0,(anonymous_1)
DA:1,0
DA:2,0
DA:3,0
DA:4,0
DA:5,0
DA:6,0
DA:11,0
DA:12,0
DA:13,0
DA:15,0
LF:10
LH:0
BRDA:1,0,0,0
BRDA:1,0,1,0
BRDA:1,0,2,0
BRF:3
BRH:0
end_of_record
TN:
SF:lib/components/CheckMatrix/CheckMatrix.js
FN:1,(anonymous_0)
FN:2,(anonymous_1)
FN:4,(anonymous_2)
FN:5,(anonymous_3)
FN:8,(anonymous_4)
FN:10,__
FN:30,(anonymous_6)
FN:32,CheckMatrix
FN:37,(anonymous_8)
FN:45,(anonymous_9)
FN:48,(anonymous_10)
FN:58,(anonymous_11)
FN:71,(anonymous_12)
FN:84,(anonymous_13)
FN:95,(anonymous_14)
FN:96,(anonymous_15)
FN:107,(anonymous_16)
FN:125,(anonymous_17)
FNF:18
FNH:0
FNDA:0,(anonymous_0)
FNDA:0,(anonymous_1)
FNDA:0,(anonymous_2)
FNDA:0,(anonymous_3)
FNDA:0,(anonymous_4)
FNDA:0,__
FNDA:0,(anonymous_6)
FNDA:0,CheckMatrix
FNDA:0,(anonymous_8)
FNDA:0,(anonymous_9)
FNDA:0,(anonymous_10)
FNDA:0,(anonymous_11)
FNDA:0,(anonymous_12)
FNDA:0,(anonymous_13)
FNDA:0,(anonymous_14)
FNDA:0,(anonymous_15)
FNDA:0,(anonymous_16)
FNDA:0,(anonymous_17)
DA:1,0
DA:2,0
DA:3,0
DA:4,0
DA:5,0
DA:6,0
DA:8,0
DA:9,0
DA:10,0
DA:11,0
DA:20,0
DA:30,0
DA:31,0
DA:33,0
DA:34,0
DA:35,0
DA:37,0
DA:38,0
DA:44,0
DA:46,0
DA:47,0
DA:48,0
DA:49,0
DA:50,0
DA:53,0
DA:58,0
DA:59,0
DA:71,0
DA:72,0
DA:84,0
DA:85,0
DA:86,0
DA:87,0
DA:88,0
DA:90,0
DA:91,0
DA:92,0
DA:93,0
DA:95,0
DA:96,0
DA:100,0
DA:107,0
DA:108,0
DA:109,0
DA:110,0
DA:111,0
DA:112,0
DA:113,0
DA:114,0
DA:117,0
DA:125,0
DA:126,0
DA:127,0
DA:129,0
DA:130,0
DA:131,0
DA:132,0
DA:134,0
DA:135,0
DA:136,0
DA:137,0
DA:139,0
DA:140,0
DA:141,0
DA:145,0
DA:146,0
DA:154,0
LF:67
LH:0
BRDA:1,0,0,0
BRDA:1,0,1,0
BRDA:1,0,2,0
BRDA:3,1,0,0
BRDA:3,1,1,0
BRDA:3,1,2,0
BRDA:3,1,3,0
BRDA:5,2,0,0
BRDA:5,2,1,0
BRDA:11,3,0,0
BRDA:11,3,1,0
BRDA:33,4,0,0
BRDA:33,4,1,0
BRDA:49,5,0,0
BRDA:49,5,1,0
BRDA:126,6,0,0
BRDA:126,6,1,0
BRDA:131,7,0,0
BRDA:131,7,1,0
BRDA:136,8,0,0
BRDA:136,8,1,0
BRDA:139,9,0,0
BRDA:139,9,1,0
BRF:23
BRH:0
end_of_record
TN:
SF:lib/components/CheckMatrix/editForm/CheckMatrix.edit.display.js
FNF:0
FNH:0
LF:0
LH:0
BRF:0
BRH:0
end_of_record
TN:
SF:lib/templates/index.js
FNF:0
FNH:0
LF:0
LH:0
BRF:0
BRH:0
end_of_record
TN:
SF:lib/templates/bootstrap/index.js
FNF:0
FNH:0
LF:0
LH:0
BRF:0
BRH:0
end_of_record
TN:
SF:lib/templates/bootstrap/checkmatrix/form.ejs.js
FN:4,(anonymous_0)
FN:6,print
FNF:2
FNH:0
FNDA:0,(anonymous_0)
FNDA:0,print
DA:1,0
DA:4,0
DA:5,0
DA:6,0
DA:7,0
DA:10,0
DA:11,0
DA:12,0
DA:13,0
DA:17,0
DA:19,0
DA:20,0
LF:12
LH:0
BRDA:8,0,0,0
BRDA:8,0,1,0
BRDA:14,1,0,0
BRDA:14,1,1,0
BRF:4
BRH:0
end_of_record
TN:
SF:lib/templates/bootstrap/checkmatrix/index.js
FNF:0
FNH:0
LF:0
LH:0
BRF:0
BRH:0
end_of_record
TN:
SF:src/index.ts
FNF:0
FNH:0
LF:0
LH:0
BRF:0
BRH:0
end_of_record
TN:
SF:src/components/index.ts
FNF:0
FNH:0
LF:0
LH:0
BRF:0
BRH:0
end_of_record
TN:
SF:src/components/CheckMatrix/CheckMatrix.form.ts
FN:3,(anonymous_0)
FNF:1
FNH:0
FNDA:0,(anonymous_0)
DA:4,0
LF:1
LH:0
BRF:0
BRH:0
end_of_record
TN:
SF:src/components/CheckMatrix/editForm/CheckMatrix.edit.display.ts
FNF:0
FNH:0
LF:0
LH:0
BRF:0
BRH:0
end_of_record
TN:
SF:src/templates/index.ts
FNF:0
FNH:0
LF:0
LH:0
BRF:0
BRH:0
end_of_record
TN:
SF:src/templates/bootstrap/index.ts
FNF:0
FNH:0
LF:0
LH:0
BRF:0
BRH:0
end_of_record
TN:
SF:src/templates/bootstrap/checkmatrix/index.ts
FNF:0
FNH:0
LF:0
LH:0
BRF:0
BRH:0
end_of_record
